Found 8 pods, using pod/ebpf-ml-mao-collector-rgtn5
  "agents": [
    {
      "name": "summarizer",
      "summary": "unknown-pod produced 1 events in 0s with 0 exec events and 0 network events."
    },
    {
      "name": "analyst",
      "summary": "Score 0.41 driven by no strong outliers."
    },
    {
      "name": "correlator",
      "summary": "Resource and event correlation suggests CPU 0.0% with 0 concurrent connections."
    },
    {
      "name": "reviewer",
      "summary": "Final verdict is normal with score 0.41 and confidence 0.64."
    }
  ]
}
{
  "status": "stored",
  "digest": "d851d5b93029a3e6d1c4ddfc828859db1993603586bd9e8deeadb533166f6413",
  "path": "/var/lib/ebpf-ml-mao/ingest/gpu-1/d851d5b93029-report.json",
  "workflow": {
    "received_count": 110,
    "unique_count": 110,
    "duplicates_count": 0,
    "nodes": [
      "gpu-1",
      "gpu-2",
      "infra-1",
      "infra-2",
      "infra-3",
      "worker-1",
      "worker-2",
      "worker-3"
    ],
    "verdicts": {
      "normal": 110
    },
    "phases": {
      "phase3": 110
    },
    "latest_verdict": "normal"
  },
  "queue": {
    "status": "queued",
    "path": "/var/lib/ebpf-ml-mao/postprocess-queue/1777340454190-report-ingest.json"
  },
  "spooled": false
}
{
  "removed": 0,
  "quarantined": []
}
{
  "sent": 0,
  "failed": 0,
  "expired": 0,
  "quarantined": [],
  "remaining": []
}
{
  "score": 0.4083,
  "verdict": "normal",
  "confidence": 0.639,
  "feature_window": {
    "window_start": 1777340486.2132452,
    "window_end": 1777340486.2132452,
    "workload": "unknown-pod",
    "values": {
      "event_count": 1.0,
      "exec_count": 0.0,
      "network_event_count": 0.0,
      "unique_pids": 1.0,
      "avg_cpu_usage": 0.0,
      "max_cpu_usage": 0.0,
      "avg_memory_usage": 0.0,
      "max_memory_usage": 0.0,
      "avg_network_connections": 0.0,
      "max_network_connections": 0
    }
  },
  "agents": [
    {
      "name": "summarizer",
      "summary": "unknown-pod produced 1 events in 0s with 0 exec events and 0 network events."
    },
    {
      "name": "analyst",
      "summary": "Score 0.41 driven by no strong outliers."
    },
    {
      "name": "correlator",
      "summary": "Resource and event correlation suggests CPU 0.0% with 0 concurrent connections."
    },
    {
      "name": "reviewer",
      "summary": "Final verdict is normal with score 0.41 and confidence 0.64."
    }
  ]
}
{
  "status": "stored",
  "digest": "dffcc39c09ae954b36f02c21f422b7a31e9465db15ec819ff3f5528a2b24d68f",
  "path": "/var/lib/ebpf-ml-mao/ingest/gpu-1/dffcc39c09ae-report.json",
  "workflow": {
    "received_count": 118,
    "unique_count": 118,
    "duplicates_count": 0,
    "nodes": [
      "gpu-1",
      "gpu-2",
      "infra-1",
      "infra-2",
      "infra-3",
      "worker-1",
      "worker-2",
      "worker-3"
    ],
    "verdicts": {
      "normal": 118
    },
    "phases": {
      "phase3": 118
    },
    "latest_verdict": "normal"
  },
  "queue": {
    "status": "queued",
    "path": "/var/lib/ebpf-ml-mao/postprocess-queue/1777340487039-report-ingest.json"
  },
  "spooled": false
}
{
  "removed": 0,
  "quarantined": []
}
{
  "sent": 0,
  "failed": 0,
  "expired": 0,
  "quarantined": [],
  "remaining": []
}
{
  "score": 0.4083,
  "verdict": "normal",
  "confidence": 0.639,
  "feature_window": {
    "window_start": 1777340519.0685215,
    "window_end": 1777340519.0685215,
    "workload": "unknown-pod",
    "values": {
      "event_count": 1.0,
      "exec_count": 0.0,
      "network_event_count": 0.0,
      "unique_pids": 1.0,
      "avg_cpu_usage": 0.0,
      "max_cpu_usage": 0.0,
      "avg_memory_usage": 0.0,
      "max_memory_usage": 0.0,
      "avg_network_connections": 0.0,
      "max_network_connections": 0
    }
  },
  "agents": [
    {
      "name": "summarizer",
      "summary": "unknown-pod produced 1 events in 0s with 0 exec events and 0 network events."
    },
    {
      "name": "analyst",
      "summary": "Score 0.41 driven by no strong outliers."
    },
    {
      "name": "correlator",
      "summary": "Resource and event correlation suggests CPU 0.0% with 0 concurrent connections."
    },
    {
      "name": "reviewer",
      "summary": "Final verdict is normal with score 0.41 and confidence 0.64."
    }
  ]
}
{
  "status": "stored",
  "digest": "359c728bee9f204d4a271ec5990de48b557a3bc223e26fcdb05194c7f957c183",
  "path": "/var/lib/ebpf-ml-mao/ingest/gpu-1/359c728bee9f-report.json",
  "workflow": {
    "received_count": 126,
    "unique_count": 126,
    "duplicates_count": 0,
    "nodes": [
      "gpu-1",
      "gpu-2",
      "infra-1",
      "infra-2",
      "infra-3",
      "worker-1",
      "worker-2",
      "worker-3"
    ],
    "verdicts": {
      "normal": 126
    },
    "phases": {
      "phase3": 126
    },
    "latest_verdict": "normal"
  },
  "queue": {
    "status": "queued",
    "path": "/var/lib/ebpf-ml-mao/postprocess-queue/1777340519899-report-ingest.json"
  },
  "spooled": false
}
{
  "removed": 0,
  "quarantined": []
}
{
  "sent": 0,
  "failed": 0,
  "expired": 0,
  "quarantined": [],
  "remaining": []
}
{
  "score": 0.4083,
  "verdict": "normal",
  "confidence": 0.639,
  "feature_window": {
    "window_start": 1777340551.9391294,
    "window_end": 1777340551.9391294,
    "workload": "unknown-pod",
    "values": {
      "event_count": 1.0,
      "exec_count": 0.0,
      "network_event_count": 0.0,
      "unique_pids": 1.0,
      "avg_cpu_usage": 0.0,
      "max_cpu_usage": 0.0,
      "avg_memory_usage": 0.0,
      "max_memory_usage": 0.0,
      "avg_network_connections": 0.0,
      "max_network_connections": 0
    }
  },
  "agents": [
    {
      "name": "summarizer",
      "summary": "unknown-pod produced 1 events in 0s with 0 exec events and 0 network events."
    },
    {
      "name": "analyst",
      "summary": "Score 0.41 driven by no strong outliers."
    },
    {
      "name": "correlator",
      "summary": "Resource and event correlation suggests CPU 0.0% with 0 concurrent connections."
    },
    {
      "name": "reviewer",
      "summary": "Final verdict is normal with score 0.41 and confidence 0.64."
    }
  ]
}
{
  "status": "stored",
  "digest": "fedc2d5442c2d35876ee0563e94c9bf00d2870a6b9d59f5f601931615feef445",
  "path": "/var/lib/ebpf-ml-mao/ingest/gpu-1/fedc2d5442c2-report.json",
  "workflow": {
    "received_count": 134,
    "unique_count": 134,
    "duplicates_count": 0,
    "nodes": [
      "gpu-1",
      "gpu-2",
      "infra-1",
      "infra-2",
      "infra-3",
      "worker-1",
      "worker-2",
      "worker-3"
    ],
    "verdicts": {
      "normal": 134
    },
    "phases": {
      "phase3": 134
    },
    "latest_verdict": "normal"
  },
  "queue": {
    "status": "queued",
    "path": "/var/lib/ebpf-ml-mao/postprocess-queue/1777340552774-report-ingest.json"
  },
  "spooled": false
}
/var/lib/ebpf-ml-mao-collector/reports/gpu-1/report.json
/var/lib/ebpf-ml-mao-collector/reports/gpu-1/report.md
/var/lib/ebpf-ml-mao-collector/reports/gpu-1/report.json
/var/lib/ebpf-ml-mao-collector/reports/gpu-1/report.md
/var/lib/ebpf-ml-mao-collector/reports/gpu-1/report.json
/var/lib/ebpf-ml-mao-collector/reports/gpu-1/report.md
/var/lib/ebpf-ml-mao-collector/reports/gpu-1/report.json
/var/lib/ebpf-ml-mao-collector/reports/gpu-1/report.md
/var/lib/ebpf-ml-mao-collector/reports/gpu-1/report.json
/var/lib/ebpf-ml-mao-collector/reports/gpu-1/report.md
/var/lib/ebpf-ml-mao-collector/reports/gpu-1/report.json
/var/lib/ebpf-ml-mao-collector/reports/gpu-1/report.md
/var/lib/ebpf-ml-mao-collector/reports/gpu-1/report.json
/var/lib/ebpf-ml-mao-collector/reports/gpu-1/report.md
/var/lib/ebpf-ml-mao-collector/reports/gpu-1/report.json
/var/lib/ebpf-ml-mao-collector/reports/gpu-1/report.md
/var/lib/ebpf-ml-mao-collector/reports/gpu-1/report.json
/var/lib/ebpf-ml-mao-collector/reports/gpu-1/report.md
/var/lib/ebpf-ml-mao-collector/reports/gpu-1/report.json
/var/lib/ebpf-ml-mao-collector/reports/gpu-1/report.md
/var/lib/ebpf-ml-mao-collector/reports/gpu-1/report.json
/var/lib/ebpf-ml-mao-collector/reports/gpu-1/report.md
/var/lib/ebpf-ml-mao-collector/reports/gpu-1/report.json
/var/lib/ebpf-ml-mao-collector/reports/gpu-1/report.md
/var/lib/ebpf-ml-mao-collector/reports/gpu-1/report.json
/var/lib/ebpf-ml-mao-collector/reports/gpu-1/report.md
/var/lib/ebpf-ml-mao-collector/reports/gpu-1/report.json
/var/lib/ebpf-ml-mao-collector/reports/gpu-1/report.md
/var/lib/ebpf-ml-mao-collector/reports/gpu-1/report.json
/var/lib/ebpf-ml-mao-collector/reports/gpu-1/report.md
/var/lib/ebpf-ml-mao-collector/reports/gpu-1/report.json
/var/lib/ebpf-ml-mao-collector/reports/gpu-1/report.md
/var/lib/ebpf-ml-mao-collector/reports/gpu-1/report.json
/var/lib/ebpf-ml-mao-collector/reports/gpu-1/report.md
/var/lib/ebpf-ml-mao-collector/reports/gpu-1/report.json
/var/lib/ebpf-ml-mao-collector/reports/gpu-1/report.md
/var/lib/ebpf-ml-mao-collector/reports/gpu-1/report.json
/var/lib/ebpf-ml-mao-collector/reports/gpu-1/report.md
/var/lib/ebpf-ml-mao-collector/reports/gpu-1/report.json
/var/lib/ebpf-ml-mao-collector/reports/gpu-1/report.md
/var/lib/ebpf-ml-mao-collector/reports/gpu-1/report.json
/var/lib/ebpf-ml-mao-collector/reports/gpu-1/report.md
/var/lib/ebpf-ml-mao-collector/reports/gpu-1/report.json
/var/lib/ebpf-ml-mao-collector/reports/gpu-1/report.md
/var/lib/ebpf-ml-mao-collector/reports/gpu-1/report.json
/var/lib/ebpf-ml-mao-collector/reports/gpu-1/report.md
/var/lib/ebpf-ml-mao-collector/reports/gpu-1/report.json
/var/lib/ebpf-ml-mao-collector/reports/gpu-1/report.md
/var/lib/ebpf-ml-mao-collector/reports/gpu-1/report.json
/var/lib/ebpf-ml-mao-collector/reports/gpu-1/report.md
/var/lib/ebpf-ml-mao-collector/reports/gpu-1/report.json
/var/lib/ebpf-ml-mao-collector/reports/gpu-1/report.md
/var/lib/ebpf-ml-mao-collector/reports/gpu-1/report.json
/var/lib/ebpf-ml-mao-collector/reports/gpu-1/report.md
/var/lib/ebpf-ml-mao-collector/reports/gpu-1/report.json
/var/lib/ebpf-ml-mao-collector/reports/gpu-1/report.md
/var/lib/ebpf-ml-mao-collector/reports/gpu-1/report.json
/var/lib/ebpf-ml-mao-collector/reports/gpu-1/report.md
/var/lib/ebpf-ml-mao-collector/reports/gpu-1/report.json
/var/lib/ebpf-ml-mao-collector/reports/gpu-1/report.md
/var/lib/ebpf-ml-mao-collector/reports/gpu-1/report.json
/var/lib/ebpf-ml-mao-collector/reports/gpu-1/report.md
/var/lib/ebpf-ml-mao-collector/reports/gpu-1/report.json
/var/lib/ebpf-ml-mao-collector/reports/gpu-1/report.md
/var/lib/ebpf-ml-mao-collector/reports/gpu-1/report.json
/var/lib/ebpf-ml-mao-collector/reports/gpu-1/report.md
/var/lib/ebpf-ml-mao-collector/reports/gpu-1/report.json
/var/lib/ebpf-ml-mao-collector/reports/gpu-1/report.md
/var/lib/ebpf-ml-mao-collector/reports/gpu-1/report.json
/var/lib/ebpf-ml-mao-collector/reports/gpu-1/report.md
/var/lib/ebpf-ml-mao-collector/reports/gpu-1/report.json
/var/lib/ebpf-ml-mao-collector/reports/gpu-1/report.md
/var/lib/ebpf-ml-mao-collector/reports/gpu-1/report.json
/var/lib/ebpf-ml-mao-collector/reports/gpu-1/report.md
/var/lib/ebpf-ml-mao-collector/reports/gpu-1/report.json
/var/lib/ebpf-ml-mao-collector/reports/gpu-1/report.md
/var/lib/ebpf-ml-mao-collector/reports/gpu-1/report.json
/var/lib/ebpf-ml-mao-collector/reports/gpu-1/report.md
/var/lib/ebpf-ml-mao-collector/reports/gpu-1/report.json
/var/lib/ebpf-ml-mao-collector/reports/gpu-1/report.md
/var/lib/ebpf-ml-mao-collector/reports/gpu-1/report.json
/var/lib/ebpf-ml-mao-collector/reports/gpu-1/report.md
/var/lib/ebpf-ml-mao-collector/reports/gpu-1/report.json
/var/lib/ebpf-ml-mao-collector/reports/gpu-1/report.md
/var/lib/ebpf-ml-mao-collector/reports/gpu-1/report.json
/var/lib/ebpf-ml-mao-collector/reports/gpu-1/report.md
/var/lib/ebpf-ml-mao-collector/reports/gpu-1/report.json
/var/lib/ebpf-ml-mao-collector/reports/gpu-1/report.md
/var/lib/ebpf-ml-mao-collector/reports/gpu-1/report.json
/var/lib/ebpf-ml-mao-collector/reports/gpu-1/report.md
/var/lib/ebpf-ml-mao-collector/reports/gpu-1/report.json
/var/lib/ebpf-ml-mao-collector/reports/gpu-1/report.md
/var/lib/ebpf-ml-mao-collector/reports/gpu-1/report.json
/var/lib/ebpf-ml-mao-collector/reports/gpu-1/report.md
/var/lib/ebpf-ml-mao-collector/reports/gpu-1/report.json
/var/lib/ebpf-ml-mao-collector/reports/gpu-1/report.md
/var/lib/ebpf-ml-mao-collector/reports/gpu-1/report.json
/var/lib/ebpf-ml-mao-collector/reports/gpu-1/report.md
/var/lib/ebpf-ml-mao-collector/reports/gpu-1/report.json
/var/lib/ebpf-ml-mao-collector/reports/gpu-1/report.md
/var/lib/ebpf-ml-mao-collector/reports/gpu-1/report.json
/var/lib/ebpf-ml-mao-collector/reports/gpu-1/report.md
/var/lib/ebpf-ml-mao-collector/reports/gpu-1/report.json
/var/lib/ebpf-ml-mao-collector/reports/gpu-1/report.md
/var/lib/ebpf-ml-mao-collector/reports/gpu-1/report.json
/var/lib/ebpf-ml-mao-collector/reports/gpu-1/report.md
/var/lib/ebpf-ml-mao-collector/reports/gpu-1/report.json
/var/lib/ebpf-ml-mao-collector/reports/gpu-1/report.md
/var/lib/ebpf-ml-mao-collector/reports/gpu-1/report.json
/var/lib/ebpf-ml-mao-collector/reports/gpu-1/report.md
/var/lib/ebpf-ml-mao-collector/reports/gpu-1/report.json
/var/lib/ebpf-ml-mao-collector/reports/gpu-1/report.md
/var/lib/ebpf-ml-mao-collector/reports/gpu-1/report.json
/var/lib/ebpf-ml-mao-collector/reports/gpu-1/report.md
/var/lib/ebpf-ml-mao-collector/reports/gpu-1/report.json
/var/lib/ebpf-ml-mao-collector/reports/gpu-1/report.md
/var/lib/ebpf-ml-mao-collector/reports/gpu-1/report.json
/var/lib/ebpf-ml-mao-collector/reports/gpu-1/report.md
/var/lib/ebpf-ml-mao-collector/reports/gpu-1/report.json
/var/lib/ebpf-ml-mao-collector/reports/gpu-1/report.md
/var/lib/ebpf-ml-mao-collector/reports/gpu-1/report.json
/var/lib/ebpf-ml-mao-collector/reports/gpu-1/report.md
/var/lib/ebpf-ml-mao-collector/reports/gpu-1/report.json
/var/lib/ebpf-ml-mao-collector/reports/gpu-1/report.md
/var/lib/ebpf-ml-mao-collector/reports/gpu-1/report.json
/var/lib/ebpf-ml-mao-collector/reports/gpu-1/report.md
/var/lib/ebpf-ml-mao-collector/reports/gpu-1/report.json
/var/lib/ebpf-ml-mao-collector/reports/gpu-1/report.md
/var/lib/ebpf-ml-mao-collector/reports/gpu-1/report.json
/var/lib/ebpf-ml-mao-collector/reports/gpu-1/report.md
/var/lib/ebpf-ml-mao-collector/reports/gpu-1/report.json
/var/lib/ebpf-ml-mao-collector/reports/gpu-1/report.md
/var/lib/ebpf-ml-mao-collector/reports/gpu-1/report.json
/var/lib/ebpf-ml-mao-collector/reports/gpu-1/report.md
/var/lib/ebpf-ml-mao-collector/reports/gpu-1/report.json
/var/lib/ebpf-ml-mao-collector/reports/gpu-1/report.md
/var/lib/ebpf-ml-mao-collector/reports/gpu-1/report.json
/var/lib/ebpf-ml-mao-collector/reports/gpu-1/report.md
/var/lib/ebpf-ml-mao-collector/reports/gpu-1/report.json
/var/lib/ebpf-ml-mao-collector/reports/gpu-1/report.md
/var/lib/ebpf-ml-mao-collector/reports/gpu-1/report.json
/var/lib/ebpf-ml-mao-collector/reports/gpu-1/report.md
/var/lib/ebpf-ml-mao-collector/reports/gpu-1/report.json
/var/lib/ebpf-ml-mao-collector/reports/gpu-1/report.md
/var/lib/ebpf-ml-mao-collector/reports/gpu-1/report.json
/var/lib/ebpf-ml-mao-collector/reports/gpu-1/report.md
/var/lib/ebpf-ml-mao-collector/reports/gpu-1/report.json
/var/lib/ebpf-ml-mao-collector/reports/gpu-1/report.md
/var/lib/ebpf-ml-mao-collector/reports/gpu-1/report.json
/var/lib/ebpf-ml-mao-collector/reports/gpu-1/report.md
/var/lib/ebpf-ml-mao-collector/reports/gpu-1/report.json
/var/lib/ebpf-ml-mao-collector/reports/gpu-1/report.md
/var/lib/ebpf-ml-mao-collector/reports/gpu-1/report.json
/var/lib/ebpf-ml-mao-collector/reports/gpu-1/report.md
/var/lib/ebpf-ml-mao-collector/reports/gpu-1/report.json
/var/lib/ebpf-ml-mao-collector/reports/gpu-1/report.md
/var/lib/ebpf-ml-mao-collector/reports/gpu-1/report.json
/var/lib/ebpf-ml-mao-collector/reports/gpu-1/report.md
/var/lib/ebpf-ml-mao-collector/reports/gpu-1/report.json
/var/lib/ebpf-ml-mao-collector/reports/gpu-1/report.md
/var/lib/ebpf-ml-mao-collector/reports/gpu-1/report.json
/var/lib/ebpf-ml-mao-collector/reports/gpu-1/report.md
/var/lib/ebpf-ml-mao-collector/reports/gpu-1/report.json
/var/lib/ebpf-ml-mao-collector/reports/gpu-1/report.md
/var/lib/ebpf-ml-mao-collector/reports/gpu-1/report.json
/var/lib/ebpf-ml-mao-collector/reports/gpu-1/report.md
/var/lib/ebpf-ml-mao-collector/reports/gpu-1/report.json
/var/lib/ebpf-ml-mao-collector/reports/gpu-1/report.md
/var/lib/ebpf-ml-mao-collector/reports/gpu-1/report.json
/var/lib/ebpf-ml-mao-collector/reports/gpu-1/report.md
/var/lib/ebpf-ml-mao-collector/reports/gpu-1/report.json
/var/lib/ebpf-ml-mao-collector/reports/gpu-1/report.md
/var/lib/ebpf-ml-mao-collector/reports/gpu-1/report.json
/var/lib/ebpf-ml-mao-collector/reports/gpu-1/report.md
/var/lib/ebpf-ml-mao-collector/reports/gpu-1/report.json
/var/lib/ebpf-ml-mao-collector/reports/gpu-1/report.md
/var/lib/ebpf-ml-mao-collector/reports/gpu-1/report.json
/var/lib/ebpf-ml-mao-collector/reports/gpu-1/report.md
/var/lib/ebpf-ml-mao-collector/reports/gpu-1/report.json
/var/lib/ebpf-ml-mao-collector/reports/gpu-1/report.md
/var/lib/ebpf-ml-mao-collector/reports/gpu-1/report.json
/var/lib/ebpf-ml-mao-collector/reports/gpu-1/report.md
/var/lib/ebpf-ml-mao-collector/reports/gpu-1/report.json
/var/lib/ebpf-ml-mao-collector/reports/gpu-1/report.md
/var/lib/ebpf-ml-mao-collector/reports/gpu-1/report.json
/var/lib/ebpf-ml-mao-collector/reports/gpu-1/report.md
/var/lib/ebpf-ml-mao-collector/reports/gpu-1/report.json
/var/lib/ebpf-ml-mao-collector/reports/gpu-1/report.md
/var/lib/ebpf-ml-mao-collector/reports/gpu-1/report.json
/var/lib/ebpf-ml-mao-collector/reports/gpu-1/report.md
/var/lib/ebpf-ml-mao-collector/reports/gpu-1/report.json
/var/lib/ebpf-ml-mao-collector/reports/gpu-1/report.md
/var/lib/ebpf-ml-mao-collector/reports/gpu-1/report.json
/var/lib/ebpf-ml-mao-collector/reports/gpu-1/report.md
/var/lib/ebpf-ml-mao-collector/reports/gpu-1/report.json
/var/lib/ebpf-ml-mao-collector/reports/gpu-1/report.md
/var/lib/ebpf-ml-mao-collector/reports/gpu-1/report.json
/var/lib/ebpf-ml-mao-collector/reports/gpu-1/report.md
/var/lib/ebpf-ml-mao-collector/reports/gpu-1/report.json
/var/lib/ebpf-ml-mao-collector/reports/gpu-1/report.md
/var/lib/ebpf-ml-mao-collector/reports/gpu-1/report.json
/var/lib/ebpf-ml-mao-collector/reports/gpu-1/report.md
/var/lib/ebpf-ml-mao-collector/reports/gpu-1/report.json
/var/lib/ebpf-ml-mao-collector/reports/gpu-1/report.md
/var/lib/ebpf-ml-mao-collector/reports/gpu-1/report.json
/var/lib/ebpf-ml-mao-collector/reports/gpu-1/report.md
/var/lib/ebpf-ml-mao-collector/reports/gpu-1/report.json
/var/lib/ebpf-ml-mao-collector/reports/gpu-1/report.md
/var/lib/ebpf-ml-mao-collector/reports/gpu-1/report.json
/var/lib/ebpf-ml-mao-collector/reports/gpu-1/report.md
/var/lib/ebpf-ml-mao-collector/reports/gpu-1/report.json
/var/lib/ebpf-ml-mao-collector/reports/gpu-1/report.md
/var/lib/ebpf-ml-mao-collector/reports/gpu-1/report.json
/var/lib/ebpf-ml-mao-collector/reports/gpu-1/report.md
/var/lib/ebpf-ml-mao-collector/reports/gpu-1/report.json
/var/lib/ebpf-ml-mao-collector/reports/gpu-1/report.md
/var/lib/ebpf-ml-mao-collector/reports/gpu-1/report.json
/var/lib/ebpf-ml-mao-collector/reports/gpu-1/report.md
/var/lib/ebpf-ml-mao-collector/reports/gpu-1/report.json
/var/lib/ebpf-ml-mao-collector/reports/gpu-1/report.md
/var/lib/ebpf-ml-mao-collector/reports/gpu-1/report.json
/var/lib/ebpf-ml-mao-collector/reports/gpu-1/report.md
/var/lib/ebpf-ml-mao-collector/reports/gpu-1/report.json
/var/lib/ebpf-ml-mao-collector/reports/gpu-1/report.md
/var/lib/ebpf-ml-mao-collector/reports/gpu-1/report.json
/var/lib/ebpf-ml-mao-collector/reports/gpu-1/report.md
/var/lib/ebpf-ml-mao-collector/reports/gpu-1/report.json
/var/lib/ebpf-ml-mao-collector/reports/gpu-1/report.md
/var/lib/ebpf-ml-mao-collector/reports/gpu-1/report.json
/var/lib/ebpf-ml-mao-collector/reports/gpu-1/report.md
/var/lib/ebpf-ml-mao-collector/reports/gpu-1/report.json
/var/lib/ebpf-ml-mao-collector/reports/gpu-1/report.md
/var/lib/ebpf-ml-mao-collector/reports/gpu-1/report.json
/var/lib/ebpf-ml-mao-collector/reports/gpu-1/report.md
/var/lib/ebpf-ml-mao-collector/reports/gpu-1/report.json
/var/lib/ebpf-ml-mao-collector/reports/gpu-1/report.md
/var/lib/ebpf-ml-mao-collector/reports/gpu-1/report.json
/var/lib/ebpf-ml-mao-collector/reports/gpu-1/report.md
/var/lib/ebpf-ml-mao-collector/reports/gpu-1/report.json
/var/lib/ebpf-ml-mao-collector/reports/gpu-1/report.md
/var/lib/ebpf-ml-mao-collector/reports/gpu-1/report.json
/var/lib/ebpf-ml-mao-collector/reports/gpu-1/report.md
/var/lib/ebpf-ml-mao-collector/reports/gpu-1/report.json
/var/lib/ebpf-ml-mao-collector/reports/gpu-1/report.md
/var/lib/ebpf-ml-mao-collector/reports/gpu-1/report.json
/var/lib/ebpf-ml-mao-collector/reports/gpu-1/report.md
/var/lib/ebpf-ml-mao-collector/reports/gpu-1/report.json
/var/lib/ebpf-ml-mao-collector/reports/gpu-1/report.md
/var/lib/ebpf-ml-mao-collector/reports/gpu-1/report.json
/var/lib/ebpf-ml-mao-collector/reports/gpu-1/report.md
/var/lib/ebpf-ml-mao-collector/reports/gpu-1/report.json
/var/lib/ebpf-ml-mao-collector/reports/gpu-1/report.md
/var/lib/ebpf-ml-mao-collector/reports/gpu-1/report.json
/var/lib/ebpf-ml-mao-collector/reports/gpu-1/report.md
/var/lib/ebpf-ml-mao-collector/reports/gpu-1/report.json
/var/lib/ebpf-ml-mao-collector/reports/gpu-1/report.md
/var/lib/ebpf-ml-mao-collector/reports/gpu-1/report.json
/var/lib/ebpf-ml-mao-collector/reports/gpu-1/report.md
/var/lib/ebpf-ml-mao-collector/reports/gpu-1/report.json
/var/lib/ebpf-ml-mao-collector/reports/gpu-1/report.md
/var/lib/ebpf-ml-mao-collector/reports/gpu-1/report.json
/var/lib/ebpf-ml-mao-collector/reports/gpu-1/report.md
/var/lib/ebpf-ml-mao-collector/reports/gpu-1/report.json
/var/lib/ebpf-ml-mao-collector/reports/gpu-1/report.md
/var/lib/ebpf-ml-mao-collector/reports/gpu-1/report.json
/var/lib/ebpf-ml-mao-collector/reports/gpu-1/report.md
/var/lib/ebpf-ml-mao-collector/reports/gpu-1/report.json
/var/lib/ebpf-ml-mao-collector/reports/gpu-1/report.md
/var/lib/ebpf-ml-mao-collector/reports/gpu-1/report.json
/var/lib/ebpf-ml-mao-collector/reports/gpu-1/report.md
/var/lib/ebpf-ml-mao-collector/reports/gpu-1/report.json
/var/lib/ebpf-ml-mao-collector/reports/gpu-1/report.md
/var/lib/ebpf-ml-mao-collector/reports/gpu-1/report.json
/var/lib/ebpf-ml-mao-collector/reports/gpu-1/report.md
/var/lib/ebpf-ml-mao-collector/reports/gpu-1/report.json
/var/lib/ebpf-ml-mao-collector/reports/gpu-1/report.md
/var/lib/ebpf-ml-mao-collector/reports/gpu-1/report.json
/var/lib/ebpf-ml-mao-collector/reports/gpu-1/report.md
/var/lib/ebpf-ml-mao-collector/reports/gpu-1/report.json
/var/lib/ebpf-ml-mao-collector/reports/gpu-1/report.md
/var/lib/ebpf-ml-mao-collector/reports/gpu-1/report.json
/var/lib/ebpf-ml-mao-collector/reports/gpu-1/report.md
/var/lib/ebpf-ml-mao-collector/reports/gpu-1/report.json
/var/lib/ebpf-ml-mao-collector/reports/gpu-1/report.md
/var/lib/ebpf-ml-mao-collector/reports/gpu-1/report.json
/var/lib/ebpf-ml-mao-collector/reports/gpu-1/report.md
/var/lib/ebpf-ml-mao-collector/reports/gpu-1/report.json
/var/lib/ebpf-ml-mao-collector/reports/gpu-1/report.md
/var/lib/ebpf-ml-mao-collector/reports/gpu-1/report.json
/var/lib/ebpf-ml-mao-collector/reports/gpu-1/report.md
/var/lib/ebpf-ml-mao-collector/reports/gpu-1/report.json
/var/lib/ebpf-ml-mao-collector/reports/gpu-1/report.md
/var/lib/ebpf-ml-mao-collector/reports/gpu-1/report.json
/var/lib/ebpf-ml-mao-collector/reports/gpu-1/report.md
/var/lib/ebpf-ml-mao-collector/reports/gpu-1/report.json
/var/lib/ebpf-ml-mao-collector/reports/gpu-1/report.md
/var/lib/ebpf-ml-mao-collector/reports/gpu-1/report.json
/var/lib/ebpf-ml-mao-collector/reports/gpu-1/report.md
/var/lib/ebpf-ml-mao-collector/reports/gpu-1/report.json
/var/lib/ebpf-ml-mao-collector/reports/gpu-1/report.md
