Found 8 pods, using pod/ebpf-ml-mao-collector-rgtn5
  "agents": [
    {
      "name": "summarizer",
      "summary": "unknown-pod produced 1 events in 0s with 0 exec events and 0 network events."
    },
    {
      "name": "analyst",
      "summary": "Score 0.41 driven by no strong outliers."
    },
    {
      "name": "correlator",
      "summary": "Resource and event correlation suggests CPU 0.0% with 0 concurrent connections."
    },
    {
      "name": "reviewer",
      "summary": "Final verdict is normal with score 0.41 and confidence 0.64."
    }
  ]
}
{
  "status": "stored",
  "digest": "5b1ddab6b922f486faaca9b539f60df8024aff98e3181d67178cddaa4f9c3363",
  "path": "/var/lib/ebpf-ml-mao/ingest/gpu-1/5b1ddab6b922-report.json",
  "workflow": {
    "received_count": 168,
    "unique_count": 168,
    "duplicates_count": 0,
    "nodes": [
      "gpu-1",
      "gpu-2",
      "infra-1",
      "infra-2",
      "infra-3",
      "worker-1",
      "worker-2",
      "worker-3"
    ],
    "verdicts": {
      "normal": 168
    },
    "phases": {
      "phase3": 168
    },
    "latest_verdict": "normal"
  },
  "queue": {
    "status": "queued",
    "path": "/var/lib/ebpf-ml-mao/postprocess-queue/1777340684230-report-ingest.json"
  },
  "spooled": false
}
{
  "removed": 0,
  "quarantined": []
}
{
  "sent": 0,
  "failed": 0,
  "expired": 0,
  "quarantined": [],
  "remaining": []
}
{
  "score": 0.4083,
  "verdict": "normal",
  "confidence": 0.639,
  "feature_window": {
    "window_start": 1777340716.250042,
    "window_end": 1777340716.250042,
    "workload": "unknown-pod",
    "values": {
      "event_count": 1.0,
      "exec_count": 0.0,
      "network_event_count": 0.0,
      "unique_pids": 1.0,
      "avg_cpu_usage": 0.0,
      "max_cpu_usage": 0.0,
      "avg_memory_usage": 0.0,
      "max_memory_usage": 0.0,
      "avg_network_connections": 0.0,
      "max_network_connections": 0
    }
  },
  "agents": [
    {
      "name": "summarizer",
      "summary": "unknown-pod produced 1 events in 0s with 0 exec events and 0 network events."
    },
    {
      "name": "analyst",
      "summary": "Score 0.41 driven by no strong outliers."
    },
    {
      "name": "correlator",
      "summary": "Resource and event correlation suggests CPU 0.0% with 0 concurrent connections."
    },
    {
      "name": "reviewer",
      "summary": "Final verdict is normal with score 0.41 and confidence 0.64."
    }
  ]
}
{
  "status": "stored",
  "digest": "7f9649b9651257247a610ca77c9165ca48e41064634734c5685a81c4997a8c9f",
  "path": "/var/lib/ebpf-ml-mao/ingest/gpu-1/7f9649b96512-report.json",
  "workflow": {
    "received_count": 176,
    "unique_count": 176,
    "duplicates_count": 0,
    "nodes": [
      "gpu-1",
      "gpu-2",
      "infra-1",
      "infra-2",
      "infra-3",
      "worker-1",
      "worker-2",
      "worker-3"
    ],
    "verdicts": {
      "normal": 176
    },
    "phases": {
      "phase3": 176
    },
    "latest_verdict": "normal"
  },
  "queue": {
    "status": "queued",
    "path": "/var/lib/ebpf-ml-mao/postprocess-queue/1777340717081-report-ingest.json"
  },
  "spooled": false
}
{
  "removed": 0,
  "quarantined": []
}
{
  "sent": 0,
  "failed": 0,
  "expired": 0,
  "quarantined": [],
  "remaining": []
}
{
  "score": 0.4083,
  "verdict": "normal",
  "confidence": 0.639,
  "feature_window": {
    "window_start": 1777340749.1180253,
    "window_end": 1777340749.1180253,
    "workload": "unknown-pod",
    "values": {
      "event_count": 1.0,
      "exec_count": 0.0,
      "network_event_count": 0.0,
      "unique_pids": 1.0,
      "avg_cpu_usage": 0.0,
      "max_cpu_usage": 0.0,
      "avg_memory_usage": 0.0,
      "max_memory_usage": 0.0,
      "avg_network_connections": 0.0,
      "max_network_connections": 0
    }
  },
  "agents": [
    {
      "name": "summarizer",
      "summary": "unknown-pod produced 1 events in 0s with 0 exec events and 0 network events."
    },
    {
      "name": "analyst",
      "summary": "Score 0.41 driven by no strong outliers."
    },
    {
      "name": "correlator",
      "summary": "Resource and event correlation suggests CPU 0.0% with 0 concurrent connections."
    },
    {
      "name": "reviewer",
      "summary": "Final verdict is normal with score 0.41 and confidence 0.64."
    }
  ]
}
{
  "status": "stored",
  "digest": "22ffade6f4f6e4b71168ab6a53b595bd95079cd753296ad29951ee67847ab95a",
  "path": "/var/lib/ebpf-ml-mao/ingest/gpu-1/22ffade6f4f6-report.json",
  "workflow": {
    "received_count": 184,
    "unique_count": 184,
    "duplicates_count": 0,
    "nodes": [
      "gpu-1",
      "gpu-2",
      "infra-1",
      "infra-2",
      "infra-3",
      "worker-1",
      "worker-2",
      "worker-3"
    ],
    "verdicts": {
      "normal": 184
    },
    "phases": {
      "phase3": 184
    },
    "latest_verdict": "normal"
  },
  "queue": {
    "status": "queued",
    "path": "/var/lib/ebpf-ml-mao/postprocess-queue/1777340749949-report-ingest.json"
  },
  "spooled": false
}
{
  "removed": 0,
  "quarantined": []
}
{
  "sent": 0,
  "failed": 0,
  "expired": 0,
  "quarantined": [],
  "remaining": []
}
{
  "score": 0.4083,
  "verdict": "normal",
  "confidence": 0.639,
  "feature_window": {
    "window_start": 1777340781.9761198,
    "window_end": 1777340781.9761198,
    "workload": "unknown-pod",
    "values": {
      "event_count": 1.0,
      "exec_count": 0.0,
      "network_event_count": 0.0,
      "unique_pids": 1.0,
      "avg_cpu_usage": 0.0,
      "max_cpu_usage": 0.0,
      "avg_memory_usage": 0.0,
      "max_memory_usage": 0.0,
      "avg_network_connections": 0.0,
      "max_network_connections": 0
    }
  },
  "agents": [
    {
      "name": "summarizer",
      "summary": "unknown-pod produced 1 events in 0s with 0 exec events and 0 network events."
    },
    {
      "name": "analyst",
      "summary": "Score 0.41 driven by no strong outliers."
    },
    {
      "name": "correlator",
      "summary": "Resource and event correlation suggests CPU 0.0% with 0 concurrent connections."
    },
    {
      "name": "reviewer",
      "summary": "Final verdict is normal with score 0.41 and confidence 0.64."
    }
  ]
}
{
  "status": "stored",
  "digest": "8b93d0f9e0884ac49cfb1d759291c02dee69daebf862707eb73a436452bcd57a",
  "path": "/var/lib/ebpf-ml-mao/ingest/gpu-1/8b93d0f9e088-report.json",
  "workflow": {
    "received_count": 192,
    "unique_count": 192,
    "duplicates_count": 0,
    "nodes": [
      "gpu-1",
      "gpu-2",
      "infra-1",
      "infra-2",
      "infra-3",
      "worker-1",
      "worker-2",
      "worker-3"
    ],
    "verdicts": {
      "normal": 192
    },
    "phases": {
      "phase3": 192
    },
    "latest_verdict": "normal"
  },
  "queue": {
    "status": "queued",
    "path": "/var/lib/ebpf-ml-mao/postprocess-queue/1777340782806-report-ingest.json"
  },
  "spooled": false
}
/var/lib/ebpf-ml-mao-collector/reports/gpu-1/report.json
/var/lib/ebpf-ml-mao-collector/reports/gpu-1/report.md
/var/lib/ebpf-ml-mao-collector/reports/gpu-1/report.json
/var/lib/ebpf-ml-mao-collector/reports/gpu-1/report.md
/var/lib/ebpf-ml-mao-collector/reports/gpu-1/report.json
/var/lib/ebpf-ml-mao-collector/reports/gpu-1/report.md
/var/lib/ebpf-ml-mao-collector/reports/gpu-1/report.json
/var/lib/ebpf-ml-mao-collector/reports/gpu-1/report.md
/var/lib/ebpf-ml-mao-collector/reports/gpu-1/report.json
/var/lib/ebpf-ml-mao-collector/reports/gpu-1/report.md
/var/lib/ebpf-ml-mao-collector/reports/gpu-1/report.json
/var/lib/ebpf-ml-mao-collector/reports/gpu-1/report.md
/var/lib/ebpf-ml-mao-collector/reports/gpu-1/report.json
/var/lib/ebpf-ml-mao-collector/reports/gpu-1/report.md
/var/lib/ebpf-ml-mao-collector/reports/gpu-1/report.json
/var/lib/ebpf-ml-mao-collector/reports/gpu-1/report.md
/var/lib/ebpf-ml-mao-collector/reports/gpu-1/report.json
/var/lib/ebpf-ml-mao-collector/reports/gpu-1/report.md
/var/lib/ebpf-ml-mao-collector/reports/gpu-1/report.json
/var/lib/ebpf-ml-mao-collector/reports/gpu-1/report.md
/var/lib/ebpf-ml-mao-collector/reports/gpu-1/report.json
/var/lib/ebpf-ml-mao-collector/reports/gpu-1/report.md
/var/lib/ebpf-ml-mao-collector/reports/gpu-1/report.json
/var/lib/ebpf-ml-mao-collector/reports/gpu-1/report.md
/var/lib/ebpf-ml-mao-collector/reports/gpu-1/report.json
/var/lib/ebpf-ml-mao-collector/reports/gpu-1/report.md
/var/lib/ebpf-ml-mao-collector/reports/gpu-1/report.json
/var/lib/ebpf-ml-mao-collector/reports/gpu-1/report.md
/var/lib/ebpf-ml-mao-collector/reports/gpu-1/report.json
/var/lib/ebpf-ml-mao-collector/reports/gpu-1/report.md
/var/lib/ebpf-ml-mao-collector/reports/gpu-1/report.json
/var/lib/ebpf-ml-mao-collector/reports/gpu-1/report.md
/var/lib/ebpf-ml-mao-collector/reports/gpu-1/report.json
/var/lib/ebpf-ml-mao-collector/reports/gpu-1/report.md
/var/lib/ebpf-ml-mao-collector/reports/gpu-1/report.json
/var/lib/ebpf-ml-mao-collector/reports/gpu-1/report.md
/var/lib/ebpf-ml-mao-collector/reports/gpu-1/report.json
/var/lib/ebpf-ml-mao-collector/reports/gpu-1/report.md
/var/lib/ebpf-ml-mao-collector/reports/gpu-1/report.json
/var/lib/ebpf-ml-mao-collector/reports/gpu-1/report.md
/var/lib/ebpf-ml-mao-collector/reports/gpu-1/report.json
/var/lib/ebpf-ml-mao-collector/reports/gpu-1/report.md
/var/lib/ebpf-ml-mao-collector/reports/gpu-1/report.json
/var/lib/ebpf-ml-mao-collector/reports/gpu-1/report.md
/var/lib/ebpf-ml-mao-collector/reports/gpu-1/report.json
/var/lib/ebpf-ml-mao-collector/reports/gpu-1/report.md
/var/lib/ebpf-ml-mao-collector/reports/gpu-1/report.json
/var/lib/ebpf-ml-mao-collector/reports/gpu-1/report.md
/var/lib/ebpf-ml-mao-collector/reports/gpu-1/report.json
/var/lib/ebpf-ml-mao-collector/reports/gpu-1/report.md
/var/lib/ebpf-ml-mao-collector/reports/gpu-1/report.json
/var/lib/ebpf-ml-mao-collector/reports/gpu-1/report.md
/var/lib/ebpf-ml-mao-collector/reports/gpu-1/report.json
/var/lib/ebpf-ml-mao-collector/reports/gpu-1/report.md
/var/lib/ebpf-ml-mao-collector/reports/gpu-1/report.json
/var/lib/ebpf-ml-mao-collector/reports/gpu-1/report.md
/var/lib/ebpf-ml-mao-collector/reports/gpu-1/report.json
/var/lib/ebpf-ml-mao-collector/reports/gpu-1/report.md
/var/lib/ebpf-ml-mao-collector/reports/gpu-1/report.json
/var/lib/ebpf-ml-mao-collector/reports/gpu-1/report.md
/var/lib/ebpf-ml-mao-collector/reports/gpu-1/report.json
/var/lib/ebpf-ml-mao-collector/reports/gpu-1/report.md
/var/lib/ebpf-ml-mao-collector/reports/gpu-1/report.json
/var/lib/ebpf-ml-mao-collector/reports/gpu-1/report.md
/var/lib/ebpf-ml-mao-collector/reports/gpu-1/report.json
/var/lib/ebpf-ml-mao-collector/reports/gpu-1/report.md
/var/lib/ebpf-ml-mao-collector/reports/gpu-1/report.json
/var/lib/ebpf-ml-mao-collector/reports/gpu-1/report.md
/var/lib/ebpf-ml-mao-collector/reports/gpu-1/report.json
/var/lib/ebpf-ml-mao-collector/reports/gpu-1/report.md
/var/lib/ebpf-ml-mao-collector/reports/gpu-1/report.json
/var/lib/ebpf-ml-mao-collector/reports/gpu-1/report.md
/var/lib/ebpf-ml-mao-collector/reports/gpu-1/report.json
/var/lib/ebpf-ml-mao-collector/reports/gpu-1/report.md
/var/lib/ebpf-ml-mao-collector/reports/gpu-1/report.json
/var/lib/ebpf-ml-mao-collector/reports/gpu-1/report.md
/var/lib/ebpf-ml-mao-collector/reports/gpu-1/report.json
/var/lib/ebpf-ml-mao-collector/reports/gpu-1/report.md
/var/lib/ebpf-ml-mao-collector/reports/gpu-1/report.json
/var/lib/ebpf-ml-mao-collector/reports/gpu-1/report.md
/var/lib/ebpf-ml-mao-collector/reports/gpu-1/report.json
/var/lib/ebpf-ml-mao-collector/reports/gpu-1/report.md
/var/lib/ebpf-ml-mao-collector/reports/gpu-1/report.json
/var/lib/ebpf-ml-mao-collector/reports/gpu-1/report.md
/var/lib/ebpf-ml-mao-collector/reports/gpu-1/report.json
/var/lib/ebpf-ml-mao-collector/reports/gpu-1/report.md
/var/lib/ebpf-ml-mao-collector/reports/gpu-1/report.json
/var/lib/ebpf-ml-mao-collector/reports/gpu-1/report.md
/var/lib/ebpf-ml-mao-collector/reports/gpu-1/report.json
/var/lib/ebpf-ml-mao-collector/reports/gpu-1/report.md
/var/lib/ebpf-ml-mao-collector/reports/gpu-1/report.json
/var/lib/ebpf-ml-mao-collector/reports/gpu-1/report.md
/var/lib/ebpf-ml-mao-collector/reports/gpu-1/report.json
/var/lib/ebpf-ml-mao-collector/reports/gpu-1/report.md
/var/lib/ebpf-ml-mao-collector/reports/gpu-1/report.json
/var/lib/ebpf-ml-mao-collector/reports/gpu-1/report.md
/var/lib/ebpf-ml-mao-collector/reports/gpu-1/report.json
/var/lib/ebpf-ml-mao-collector/reports/gpu-1/report.md
/var/lib/ebpf-ml-mao-collector/reports/gpu-1/report.json
/var/lib/ebpf-ml-mao-collector/reports/gpu-1/report.md
/var/lib/ebpf-ml-mao-collector/reports/gpu-1/report.json
/var/lib/ebpf-ml-mao-collector/reports/gpu-1/report.md
/var/lib/ebpf-ml-mao-collector/reports/gpu-1/report.json
/var/lib/ebpf-ml-mao-collector/reports/gpu-1/report.md
/var/lib/ebpf-ml-mao-collector/reports/gpu-1/report.json
/var/lib/ebpf-ml-mao-collector/reports/gpu-1/report.md
/var/lib/ebpf-ml-mao-collector/reports/gpu-1/report.json
/var/lib/ebpf-ml-mao-collector/reports/gpu-1/report.md
/var/lib/ebpf-ml-mao-collector/reports/gpu-1/report.json
/var/lib/ebpf-ml-mao-collector/reports/gpu-1/report.md
/var/lib/ebpf-ml-mao-collector/reports/gpu-1/report.json
/var/lib/ebpf-ml-mao-collector/reports/gpu-1/report.md
/var/lib/ebpf-ml-mao-collector/reports/gpu-1/report.json
/var/lib/ebpf-ml-mao-collector/reports/gpu-1/report.md
/var/lib/ebpf-ml-mao-collector/reports/gpu-1/report.json
/var/lib/ebpf-ml-mao-collector/reports/gpu-1/report.md
/var/lib/ebpf-ml-mao-collector/reports/gpu-1/report.json
/var/lib/ebpf-ml-mao-collector/reports/gpu-1/report.md
/var/lib/ebpf-ml-mao-collector/reports/gpu-1/report.json
/var/lib/ebpf-ml-mao-collector/reports/gpu-1/report.md
/var/lib/ebpf-ml-mao-collector/reports/gpu-1/report.json
/var/lib/ebpf-ml-mao-collector/reports/gpu-1/report.md
/var/lib/ebpf-ml-mao-collector/reports/gpu-1/report.json
/var/lib/ebpf-ml-mao-collector/reports/gpu-1/report.md
/var/lib/ebpf-ml-mao-collector/reports/gpu-1/report.json
/var/lib/ebpf-ml-mao-collector/reports/gpu-1/report.md
/var/lib/ebpf-ml-mao-collector/reports/gpu-1/report.json
/var/lib/ebpf-ml-mao-collector/reports/gpu-1/report.md
/var/lib/ebpf-ml-mao-collector/reports/gpu-1/report.json
/var/lib/ebpf-ml-mao-collector/reports/gpu-1/report.md
/var/lib/ebpf-ml-mao-collector/reports/gpu-1/report.json
/var/lib/ebpf-ml-mao-collector/reports/gpu-1/report.md
/var/lib/ebpf-ml-mao-collector/reports/gpu-1/report.json
/var/lib/ebpf-ml-mao-collector/reports/gpu-1/report.md
/var/lib/ebpf-ml-mao-collector/reports/gpu-1/report.json
/var/lib/ebpf-ml-mao-collector/reports/gpu-1/report.md
/var/lib/ebpf-ml-mao-collector/reports/gpu-1/report.json
/var/lib/ebpf-ml-mao-collector/reports/gpu-1/report.md
/var/lib/ebpf-ml-mao-collector/reports/gpu-1/report.json
/var/lib/ebpf-ml-mao-collector/reports/gpu-1/report.md
/var/lib/ebpf-ml-mao-collector/reports/gpu-1/report.json
/var/lib/ebpf-ml-mao-collector/reports/gpu-1/report.md
/var/lib/ebpf-ml-mao-collector/reports/gpu-1/report.json
/var/lib/ebpf-ml-mao-collector/reports/gpu-1/report.md
/var/lib/ebpf-ml-mao-collector/reports/gpu-1/report.json
/var/lib/ebpf-ml-mao-collector/reports/gpu-1/report.md
/var/lib/ebpf-ml-mao-collector/reports/gpu-1/report.json
/var/lib/ebpf-ml-mao-collector/reports/gpu-1/report.md
/var/lib/ebpf-ml-mao-collector/reports/gpu-1/report.json
/var/lib/ebpf-ml-mao-collector/reports/gpu-1/report.md
/var/lib/ebpf-ml-mao-collector/reports/gpu-1/report.json
/var/lib/ebpf-ml-mao-collector/reports/gpu-1/report.md
/var/lib/ebpf-ml-mao-collector/reports/gpu-1/report.json
/var/lib/ebpf-ml-mao-collector/reports/gpu-1/report.md
/var/lib/ebpf-ml-mao-collector/reports/gpu-1/report.json
/var/lib/ebpf-ml-mao-collector/reports/gpu-1/report.md
/var/lib/ebpf-ml-mao-collector/reports/gpu-1/report.json
/var/lib/ebpf-ml-mao-collector/reports/gpu-1/report.md
/var/lib/ebpf-ml-mao-collector/reports/gpu-1/report.json
/var/lib/ebpf-ml-mao-collector/reports/gpu-1/report.md
/var/lib/ebpf-ml-mao-collector/reports/gpu-1/report.json
/var/lib/ebpf-ml-mao-collector/reports/gpu-1/report.md
/var/lib/ebpf-ml-mao-collector/reports/gpu-1/report.json
/var/lib/ebpf-ml-mao-collector/reports/gpu-1/report.md
/var/lib/ebpf-ml-mao-collector/reports/gpu-1/report.json
/var/lib/ebpf-ml-mao-collector/reports/gpu-1/report.md
/var/lib/ebpf-ml-mao-collector/reports/gpu-1/report.json
/var/lib/ebpf-ml-mao-collector/reports/gpu-1/report.md
/var/lib/ebpf-ml-mao-collector/reports/gpu-1/report.json
/var/lib/ebpf-ml-mao-collector/reports/gpu-1/report.md
/var/lib/ebpf-ml-mao-collector/reports/gpu-1/report.json
/var/lib/ebpf-ml-mao-collector/reports/gpu-1/report.md
/var/lib/ebpf-ml-mao-collector/reports/gpu-1/report.json
/var/lib/ebpf-ml-mao-collector/reports/gpu-1/report.md
/var/lib/ebpf-ml-mao-collector/reports/gpu-1/report.json
/var/lib/ebpf-ml-mao-collector/reports/gpu-1/report.md
/var/lib/ebpf-ml-mao-collector/reports/gpu-1/report.json
/var/lib/ebpf-ml-mao-collector/reports/gpu-1/report.md
/var/lib/ebpf-ml-mao-collector/reports/gpu-1/report.json
/var/lib/ebpf-ml-mao-collector/reports/gpu-1/report.md
/var/lib/ebpf-ml-mao-collector/reports/gpu-1/report.json
/var/lib/ebpf-ml-mao-collector/reports/gpu-1/report.md
/var/lib/ebpf-ml-mao-collector/reports/gpu-1/report.json
/var/lib/ebpf-ml-mao-collector/reports/gpu-1/report.md
/var/lib/ebpf-ml-mao-collector/reports/gpu-1/report.json
/var/lib/ebpf-ml-mao-collector/reports/gpu-1/report.md
/var/lib/ebpf-ml-mao-collector/reports/gpu-1/report.json
/var/lib/ebpf-ml-mao-collector/reports/gpu-1/report.md
/var/lib/ebpf-ml-mao-collector/reports/gpu-1/report.json
/var/lib/ebpf-ml-mao-collector/reports/gpu-1/report.md
/var/lib/ebpf-ml-mao-collector/reports/gpu-1/report.json
/var/lib/ebpf-ml-mao-collector/reports/gpu-1/report.md
/var/lib/ebpf-ml-mao-collector/reports/gpu-1/report.json
/var/lib/ebpf-ml-mao-collector/reports/gpu-1/report.md
/var/lib/ebpf-ml-mao-collector/reports/gpu-1/report.json
/var/lib/ebpf-ml-mao-collector/reports/gpu-1/report.md
/var/lib/ebpf-ml-mao-collector/reports/gpu-1/report.json
/var/lib/ebpf-ml-mao-collector/reports/gpu-1/report.md
/var/lib/ebpf-ml-mao-collector/reports/gpu-1/report.json
/var/lib/ebpf-ml-mao-collector/reports/gpu-1/report.md
/var/lib/ebpf-ml-mao-collector/reports/gpu-1/report.json
/var/lib/ebpf-ml-mao-collector/reports/gpu-1/report.md
/var/lib/ebpf-ml-mao-collector/reports/gpu-1/report.json
/var/lib/ebpf-ml-mao-collector/reports/gpu-1/report.md
/var/lib/ebpf-ml-mao-collector/reports/gpu-1/report.json
/var/lib/ebpf-ml-mao-collector/reports/gpu-1/report.md
/var/lib/ebpf-ml-mao-collector/reports/gpu-1/report.json
/var/lib/ebpf-ml-mao-collector/reports/gpu-1/report.md
/var/lib/ebpf-ml-mao-collector/reports/gpu-1/report.json
/var/lib/ebpf-ml-mao-collector/reports/gpu-1/report.md
/var/lib/ebpf-ml-mao-collector/reports/gpu-1/report.json
/var/lib/ebpf-ml-mao-collector/reports/gpu-1/report.md
/var/lib/ebpf-ml-mao-collector/reports/gpu-1/report.json
/var/lib/ebpf-ml-mao-collector/reports/gpu-1/report.md
/var/lib/ebpf-ml-mao-collector/reports/gpu-1/report.json
/var/lib/ebpf-ml-mao-collector/reports/gpu-1/report.md
/var/lib/ebpf-ml-mao-collector/reports/gpu-1/report.json
/var/lib/ebpf-ml-mao-collector/reports/gpu-1/report.md
/var/lib/ebpf-ml-mao-collector/reports/gpu-1/report.json
/var/lib/ebpf-ml-mao-collector/reports/gpu-1/report.md
/var/lib/ebpf-ml-mao-collector/reports/gpu-1/report.json
/var/lib/ebpf-ml-mao-collector/reports/gpu-1/report.md
/var/lib/ebpf-ml-mao-collector/reports/gpu-1/report.json
/var/lib/ebpf-ml-mao-collector/reports/gpu-1/report.md
/var/lib/ebpf-ml-mao-collector/reports/gpu-1/report.json
/var/lib/ebpf-ml-mao-collector/reports/gpu-1/report.md
/var/lib/ebpf-ml-mao-collector/reports/gpu-1/report.json
/var/lib/ebpf-ml-mao-collector/reports/gpu-1/report.md
/var/lib/ebpf-ml-mao-collector/reports/gpu-1/report.json
/var/lib/ebpf-ml-mao-collector/reports/gpu-1/report.md
/var/lib/ebpf-ml-mao-collector/reports/gpu-1/report.json
/var/lib/ebpf-ml-mao-collector/reports/gpu-1/report.md
/var/lib/ebpf-ml-mao-collector/reports/gpu-1/report.json
/var/lib/ebpf-ml-mao-collector/reports/gpu-1/report.md
/var/lib/ebpf-ml-mao-collector/reports/gpu-1/report.json
/var/lib/ebpf-ml-mao-collector/reports/gpu-1/report.md
/var/lib/ebpf-ml-mao-collector/reports/gpu-1/report.json
/var/lib/ebpf-ml-mao-collector/reports/gpu-1/report.md
/var/lib/ebpf-ml-mao-collector/reports/gpu-1/report.json
/var/lib/ebpf-ml-mao-collector/reports/gpu-1/report.md
/var/lib/ebpf-ml-mao-collector/reports/gpu-1/report.json
/var/lib/ebpf-ml-mao-collector/reports/gpu-1/report.md
/var/lib/ebpf-ml-mao-collector/reports/gpu-1/report.json
/var/lib/ebpf-ml-mao-collector/reports/gpu-1/report.md
/var/lib/ebpf-ml-mao-collector/reports/gpu-1/report.json
/var/lib/ebpf-ml-mao-collector/reports/gpu-1/report.md
/var/lib/ebpf-ml-mao-collector/reports/gpu-1/report.json
/var/lib/ebpf-ml-mao-collector/reports/gpu-1/report.md
/var/lib/ebpf-ml-mao-collector/reports/gpu-1/report.json
/var/lib/ebpf-ml-mao-collector/reports/gpu-1/report.md
/var/lib/ebpf-ml-mao-collector/reports/gpu-1/report.json
/var/lib/ebpf-ml-mao-collector/reports/gpu-1/report.md
/var/lib/ebpf-ml-mao-collector/reports/gpu-1/report.json
/var/lib/ebpf-ml-mao-collector/reports/gpu-1/report.md
/var/lib/ebpf-ml-mao-collector/reports/gpu-1/report.json
/var/lib/ebpf-ml-mao-collector/reports/gpu-1/report.md
/var/lib/ebpf-ml-mao-collector/reports/gpu-1/report.json
/var/lib/ebpf-ml-mao-collector/reports/gpu-1/report.md
/var/lib/ebpf-ml-mao-collector/reports/gpu-1/report.json
/var/lib/ebpf-ml-mao-collector/reports/gpu-1/report.md
/var/lib/ebpf-ml-mao-collector/reports/gpu-1/report.json
/var/lib/ebpf-ml-mao-collector/reports/gpu-1/report.md
/var/lib/ebpf-ml-mao-collector/reports/gpu-1/report.json
/var/lib/ebpf-ml-mao-collector/reports/gpu-1/report.md
/var/lib/ebpf-ml-mao-collector/reports/gpu-1/report.json
/var/lib/ebpf-ml-mao-collector/reports/gpu-1/report.md
/var/lib/ebpf-ml-mao-collector/reports/gpu-1/report.json
/var/lib/ebpf-ml-mao-collector/reports/gpu-1/report.md
/var/lib/ebpf-ml-mao-collector/reports/gpu-1/report.json
/var/lib/ebpf-ml-mao-collector/reports/gpu-1/report.md
/var/lib/ebpf-ml-mao-collector/reports/gpu-1/report.json
/var/lib/ebpf-ml-mao-collector/reports/gpu-1/report.md
/var/lib/ebpf-ml-mao-collector/reports/gpu-1/report.json
/var/lib/ebpf-ml-mao-collector/reports/gpu-1/report.md
/var/lib/ebpf-ml-mao-collector/reports/gpu-1/report.json
/var/lib/ebpf-ml-mao-collector/reports/gpu-1/report.md
/var/lib/ebpf-ml-mao-collector/reports/gpu-1/report.json
/var/lib/ebpf-ml-mao-collector/reports/gpu-1/report.md
/var/lib/ebpf-ml-mao-collector/reports/gpu-1/report.json
/var/lib/ebpf-ml-mao-collector/reports/gpu-1/report.md
/var/lib/ebpf-ml-mao-collector/reports/gpu-1/report.json
/var/lib/ebpf-ml-mao-collector/reports/gpu-1/report.md
/var/lib/ebpf-ml-mao-collector/reports/gpu-1/report.json
/var/lib/ebpf-ml-mao-collector/reports/gpu-1/report.md
/var/lib/ebpf-ml-mao-collector/reports/gpu-1/report.json
/var/lib/ebpf-ml-mao-collector/reports/gpu-1/report.md
/var/lib/ebpf-ml-mao-collector/reports/gpu-1/report.json
/var/lib/ebpf-ml-mao-collector/reports/gpu-1/report.md
/var/lib/ebpf-ml-mao-collector/reports/gpu-1/report.json
/var/lib/ebpf-ml-mao-collector/reports/gpu-1/report.md
/var/lib/ebpf-ml-mao-collector/reports/gpu-1/report.json
/var/lib/ebpf-ml-mao-collector/reports/gpu-1/report.md
/var/lib/ebpf-ml-mao-collector/reports/gpu-1/report.json
/var/lib/ebpf-ml-mao-collector/reports/gpu-1/report.md
/var/lib/ebpf-ml-mao-collector/reports/gpu-1/report.json
/var/lib/ebpf-ml-mao-collector/reports/gpu-1/report.md
/var/lib/ebpf-ml-mao-collector/reports/gpu-1/report.json
/var/lib/ebpf-ml-mao-collector/reports/gpu-1/report.md
/var/lib/ebpf-ml-mao-collector/reports/gpu-1/report.json
/var/lib/ebpf-ml-mao-collector/reports/gpu-1/report.md
