Found 8 pods, using pod/ebpf-ml-mao-collector-rgtn5
  "agents": [
    {
      "name": "summarizer",
      "summary": "unknown-pod produced 1 events in 0s with 0 exec events and 0 network events."
    },
    {
      "name": "analyst",
      "summary": "Score 0.41 driven by no strong outliers."
    },
    {
      "name": "correlator",
      "summary": "Resource and event correlation suggests CPU 0.0% with 0 concurrent connections."
    },
    {
      "name": "reviewer",
      "summary": "Final verdict is normal with score 0.41 and confidence 0.64."
    }
  ]
}
{
  "status": "stored",
  "digest": "9702ccf8162b33fceebb078663696e0bfe6ca2aebbb0ceb88a57ed87daa6fbbc",
  "path": "/var/lib/ebpf-ml-mao/ingest/gpu-1/9702ccf8162b-report.json",
  "workflow": {
    "received_count": 143,
    "unique_count": 143,
    "duplicates_count": 0,
    "nodes": [
      "gpu-1",
      "gpu-2",
      "infra-1",
      "infra-2",
      "infra-3",
      "worker-1",
      "worker-2",
      "worker-3"
    ],
    "verdicts": {
      "normal": 143
    },
    "phases": {
      "phase3": 143
    },
    "latest_verdict": "normal"
  },
  "queue": {
    "status": "queued",
    "path": "/var/lib/ebpf-ml-mao/postprocess-queue/1777340585648-report-ingest.json"
  },
  "spooled": false
}
{
  "removed": 0,
  "quarantined": []
}
{
  "sent": 0,
  "failed": 0,
  "expired": 0,
  "quarantined": [],
  "remaining": []
}
{
  "score": 0.4083,
  "verdict": "normal",
  "confidence": 0.639,
  "feature_window": {
    "window_start": 1777340617.685857,
    "window_end": 1777340617.685857,
    "workload": "unknown-pod",
    "values": {
      "event_count": 1.0,
      "exec_count": 0.0,
      "network_event_count": 0.0,
      "unique_pids": 1.0,
      "avg_cpu_usage": 0.0,
      "max_cpu_usage": 0.0,
      "avg_memory_usage": 0.0,
      "max_memory_usage": 0.0,
      "avg_network_connections": 0.0,
      "max_network_connections": 0
    }
  },
  "agents": [
    {
      "name": "summarizer",
      "summary": "unknown-pod produced 1 events in 0s with 0 exec events and 0 network events."
    },
    {
      "name": "analyst",
      "summary": "Score 0.41 driven by no strong outliers."
    },
    {
      "name": "correlator",
      "summary": "Resource and event correlation suggests CPU 0.0% with 0 concurrent connections."
    },
    {
      "name": "reviewer",
      "summary": "Final verdict is normal with score 0.41 and confidence 0.64."
    }
  ]
}
{
  "status": "stored",
  "digest": "aae5062e9030a2e839d793dfa6379241c192496e3208b891ddd25493df629b24",
  "path": "/var/lib/ebpf-ml-mao/ingest/gpu-1/aae5062e9030-report.json",
  "workflow": {
    "received_count": 151,
    "unique_count": 151,
    "duplicates_count": 0,
    "nodes": [
      "gpu-1",
      "gpu-2",
      "infra-1",
      "infra-2",
      "infra-3",
      "worker-1",
      "worker-2",
      "worker-3"
    ],
    "verdicts": {
      "normal": 151
    },
    "phases": {
      "phase3": 151
    },
    "latest_verdict": "normal"
  },
  "queue": {
    "status": "queued",
    "path": "/var/lib/ebpf-ml-mao/postprocess-queue/1777340618506-report-ingest.json"
  },
  "spooled": false
}
{
  "removed": 0,
  "quarantined": []
}
{
  "sent": 0,
  "failed": 0,
  "expired": 0,
  "quarantined": [],
  "remaining": []
}
{
  "score": 0.4083,
  "verdict": "normal",
  "confidence": 0.639,
  "feature_window": {
    "window_start": 1777340650.5398266,
    "window_end": 1777340650.5398266,
    "workload": "unknown-pod",
    "values": {
      "event_count": 1.0,
      "exec_count": 0.0,
      "network_event_count": 0.0,
      "unique_pids": 1.0,
      "avg_cpu_usage": 0.0,
      "max_cpu_usage": 0.0,
      "avg_memory_usage": 0.0,
      "max_memory_usage": 0.0,
      "avg_network_connections": 0.0,
      "max_network_connections": 0
    }
  },
  "agents": [
    {
      "name": "summarizer",
      "summary": "unknown-pod produced 1 events in 0s with 0 exec events and 0 network events."
    },
    {
      "name": "analyst",
      "summary": "Score 0.41 driven by no strong outliers."
    },
    {
      "name": "correlator",
      "summary": "Resource and event correlation suggests CPU 0.0% with 0 concurrent connections."
    },
    {
      "name": "reviewer",
      "summary": "Final verdict is normal with score 0.41 and confidence 0.64."
    }
  ]
}
{
  "status": "stored",
  "digest": "23e7bfbfe1ffd541b425857fdc494cc79add1462f94f5e7353a786bb5a8def8f",
  "path": "/var/lib/ebpf-ml-mao/ingest/gpu-1/23e7bfbfe1ff-report.json",
  "workflow": {
    "received_count": 159,
    "unique_count": 159,
    "duplicates_count": 0,
    "nodes": [
      "gpu-1",
      "gpu-2",
      "infra-1",
      "infra-2",
      "infra-3",
      "worker-1",
      "worker-2",
      "worker-3"
    ],
    "verdicts": {
      "normal": 159
    },
    "phases": {
      "phase3": 159
    },
    "latest_verdict": "normal"
  },
  "queue": {
    "status": "queued",
    "path": "/var/lib/ebpf-ml-mao/postprocess-queue/1777340651368-report-ingest.json"
  },
  "spooled": false
}
{
  "removed": 0,
  "quarantined": []
}
{
  "sent": 0,
  "failed": 0,
  "expired": 0,
  "quarantined": [],
  "remaining": []
}
{
  "score": 0.4083,
  "verdict": "normal",
  "confidence": 0.639,
  "feature_window": {
    "window_start": 1777340683.4068606,
    "window_end": 1777340683.4068606,
    "workload": "unknown-pod",
    "values": {
      "event_count": 1.0,
      "exec_count": 0.0,
      "network_event_count": 0.0,
      "unique_pids": 1.0,
      "avg_cpu_usage": 0.0,
      "max_cpu_usage": 0.0,
      "avg_memory_usage": 0.0,
      "max_memory_usage": 0.0,
      "avg_network_connections": 0.0,
      "max_network_connections": 0
    }
  },
  "agents": [
    {
      "name": "summarizer",
      "summary": "unknown-pod produced 1 events in 0s with 0 exec events and 0 network events."
    },
    {
      "name": "analyst",
      "summary": "Score 0.41 driven by no strong outliers."
    },
    {
      "name": "correlator",
      "summary": "Resource and event correlation suggests CPU 0.0% with 0 concurrent connections."
    },
    {
      "name": "reviewer",
      "summary": "Final verdict is normal with score 0.41 and confidence 0.64."
    }
  ]
}
{
  "status": "stored",
  "digest": "5b1ddab6b922f486faaca9b539f60df8024aff98e3181d67178cddaa4f9c3363",
  "path": "/var/lib/ebpf-ml-mao/ingest/gpu-1/5b1ddab6b922-report.json",
  "workflow": {
    "received_count": 168,
    "unique_count": 168,
    "duplicates_count": 0,
    "nodes": [
      "gpu-1",
      "gpu-2",
      "infra-1",
      "infra-2",
      "infra-3",
      "worker-1",
      "worker-2",
      "worker-3"
    ],
    "verdicts": {
      "normal": 168
    },
    "phases": {
      "phase3": 168
    },
    "latest_verdict": "normal"
  },
  "queue": {
    "status": "queued",
    "path": "/var/lib/ebpf-ml-mao/postprocess-queue/1777340684230-report-ingest.json"
  },
  "spooled": false
}
/var/lib/ebpf-ml-mao-collector/reports/gpu-1/report.json
/var/lib/ebpf-ml-mao-collector/reports/gpu-1/report.md
/var/lib/ebpf-ml-mao-collector/reports/gpu-1/report.json
/var/lib/ebpf-ml-mao-collector/reports/gpu-1/report.md
/var/lib/ebpf-ml-mao-collector/reports/gpu-1/report.json
/var/lib/ebpf-ml-mao-collector/reports/gpu-1/report.md
/var/lib/ebpf-ml-mao-collector/reports/gpu-1/report.json
/var/lib/ebpf-ml-mao-collector/reports/gpu-1/report.md
/var/lib/ebpf-ml-mao-collector/reports/gpu-1/report.json
/var/lib/ebpf-ml-mao-collector/reports/gpu-1/report.md
/var/lib/ebpf-ml-mao-collector/reports/gpu-1/report.json
/var/lib/ebpf-ml-mao-collector/reports/gpu-1/report.md
/var/lib/ebpf-ml-mao-collector/reports/gpu-1/report.json
/var/lib/ebpf-ml-mao-collector/reports/gpu-1/report.md
/var/lib/ebpf-ml-mao-collector/reports/gpu-1/report.json
/var/lib/ebpf-ml-mao-collector/reports/gpu-1/report.md
/var/lib/ebpf-ml-mao-collector/reports/gpu-1/report.json
/var/lib/ebpf-ml-mao-collector/reports/gpu-1/report.md
/var/lib/ebpf-ml-mao-collector/reports/gpu-1/report.json
/var/lib/ebpf-ml-mao-collector/reports/gpu-1/report.md
/var/lib/ebpf-ml-mao-collector/reports/gpu-1/report.json
/var/lib/ebpf-ml-mao-collector/reports/gpu-1/report.md
/var/lib/ebpf-ml-mao-collector/reports/gpu-1/report.json
/var/lib/ebpf-ml-mao-collector/reports/gpu-1/report.md
/var/lib/ebpf-ml-mao-collector/reports/gpu-1/report.json
/var/lib/ebpf-ml-mao-collector/reports/gpu-1/report.md
/var/lib/ebpf-ml-mao-collector/reports/gpu-1/report.json
/var/lib/ebpf-ml-mao-collector/reports/gpu-1/report.md
/var/lib/ebpf-ml-mao-collector/reports/gpu-1/report.json
/var/lib/ebpf-ml-mao-collector/reports/gpu-1/report.md
/var/lib/ebpf-ml-mao-collector/reports/gpu-1/report.json
/var/lib/ebpf-ml-mao-collector/reports/gpu-1/report.md
/var/lib/ebpf-ml-mao-collector/reports/gpu-1/report.json
/var/lib/ebpf-ml-mao-collector/reports/gpu-1/report.md
/var/lib/ebpf-ml-mao-collector/reports/gpu-1/report.json
/var/lib/ebpf-ml-mao-collector/reports/gpu-1/report.md
/var/lib/ebpf-ml-mao-collector/reports/gpu-1/report.json
/var/lib/ebpf-ml-mao-collector/reports/gpu-1/report.md
/var/lib/ebpf-ml-mao-collector/reports/gpu-1/report.json
/var/lib/ebpf-ml-mao-collector/reports/gpu-1/report.md
/var/lib/ebpf-ml-mao-collector/reports/gpu-1/report.json
/var/lib/ebpf-ml-mao-collector/reports/gpu-1/report.md
/var/lib/ebpf-ml-mao-collector/reports/gpu-1/report.json
/var/lib/ebpf-ml-mao-collector/reports/gpu-1/report.md
/var/lib/ebpf-ml-mao-collector/reports/gpu-1/report.json
/var/lib/ebpf-ml-mao-collector/reports/gpu-1/report.md
/var/lib/ebpf-ml-mao-collector/reports/gpu-1/report.json
/var/lib/ebpf-ml-mao-collector/reports/gpu-1/report.md
/var/lib/ebpf-ml-mao-collector/reports/gpu-1/report.json
/var/lib/ebpf-ml-mao-collector/reports/gpu-1/report.md
/var/lib/ebpf-ml-mao-collector/reports/gpu-1/report.json
/var/lib/ebpf-ml-mao-collector/reports/gpu-1/report.md
/var/lib/ebpf-ml-mao-collector/reports/gpu-1/report.json
/var/lib/ebpf-ml-mao-collector/reports/gpu-1/report.md
/var/lib/ebpf-ml-mao-collector/reports/gpu-1/report.json
/var/lib/ebpf-ml-mao-collector/reports/gpu-1/report.md
/var/lib/ebpf-ml-mao-collector/reports/gpu-1/report.json
/var/lib/ebpf-ml-mao-collector/reports/gpu-1/report.md
/var/lib/ebpf-ml-mao-collector/reports/gpu-1/report.json
/var/lib/ebpf-ml-mao-collector/reports/gpu-1/report.md
/var/lib/ebpf-ml-mao-collector/reports/gpu-1/report.json
/var/lib/ebpf-ml-mao-collector/reports/gpu-1/report.md
/var/lib/ebpf-ml-mao-collector/reports/gpu-1/report.json
/var/lib/ebpf-ml-mao-collector/reports/gpu-1/report.md
/var/lib/ebpf-ml-mao-collector/reports/gpu-1/report.json
/var/lib/ebpf-ml-mao-collector/reports/gpu-1/report.md
/var/lib/ebpf-ml-mao-collector/reports/gpu-1/report.json
/var/lib/ebpf-ml-mao-collector/reports/gpu-1/report.md
/var/lib/ebpf-ml-mao-collector/reports/gpu-1/report.json
/var/lib/ebpf-ml-mao-collector/reports/gpu-1/report.md
/var/lib/ebpf-ml-mao-collector/reports/gpu-1/report.json
/var/lib/ebpf-ml-mao-collector/reports/gpu-1/report.md
/var/lib/ebpf-ml-mao-collector/reports/gpu-1/report.json
/var/lib/ebpf-ml-mao-collector/reports/gpu-1/report.md
/var/lib/ebpf-ml-mao-collector/reports/gpu-1/report.json
/var/lib/ebpf-ml-mao-collector/reports/gpu-1/report.md
/var/lib/ebpf-ml-mao-collector/reports/gpu-1/report.json
/var/lib/ebpf-ml-mao-collector/reports/gpu-1/report.md
/var/lib/ebpf-ml-mao-collector/reports/gpu-1/report.json
/var/lib/ebpf-ml-mao-collector/reports/gpu-1/report.md
/var/lib/ebpf-ml-mao-collector/reports/gpu-1/report.json
/var/lib/ebpf-ml-mao-collector/reports/gpu-1/report.md
/var/lib/ebpf-ml-mao-collector/reports/gpu-1/report.json
/var/lib/ebpf-ml-mao-collector/reports/gpu-1/report.md
/var/lib/ebpf-ml-mao-collector/reports/gpu-1/report.json
/var/lib/ebpf-ml-mao-collector/reports/gpu-1/report.md
/var/lib/ebpf-ml-mao-collector/reports/gpu-1/report.json
/var/lib/ebpf-ml-mao-collector/reports/gpu-1/report.md
/var/lib/ebpf-ml-mao-collector/reports/gpu-1/report.json
/var/lib/ebpf-ml-mao-collector/reports/gpu-1/report.md
/var/lib/ebpf-ml-mao-collector/reports/gpu-1/report.json
/var/lib/ebpf-ml-mao-collector/reports/gpu-1/report.md
/var/lib/ebpf-ml-mao-collector/reports/gpu-1/report.json
/var/lib/ebpf-ml-mao-collector/reports/gpu-1/report.md
/var/lib/ebpf-ml-mao-collector/reports/gpu-1/report.json
/var/lib/ebpf-ml-mao-collector/reports/gpu-1/report.md
/var/lib/ebpf-ml-mao-collector/reports/gpu-1/report.json
/var/lib/ebpf-ml-mao-collector/reports/gpu-1/report.md
/var/lib/ebpf-ml-mao-collector/reports/gpu-1/report.json
/var/lib/ebpf-ml-mao-collector/reports/gpu-1/report.md
/var/lib/ebpf-ml-mao-collector/reports/gpu-1/report.json
/var/lib/ebpf-ml-mao-collector/reports/gpu-1/report.md
/var/lib/ebpf-ml-mao-collector/reports/gpu-1/report.json
/var/lib/ebpf-ml-mao-collector/reports/gpu-1/report.md
/var/lib/ebpf-ml-mao-collector/reports/gpu-1/report.json
/var/lib/ebpf-ml-mao-collector/reports/gpu-1/report.md
/var/lib/ebpf-ml-mao-collector/reports/gpu-1/report.json
/var/lib/ebpf-ml-mao-collector/reports/gpu-1/report.md
/var/lib/ebpf-ml-mao-collector/reports/gpu-1/report.json
/var/lib/ebpf-ml-mao-collector/reports/gpu-1/report.md
/var/lib/ebpf-ml-mao-collector/reports/gpu-1/report.json
/var/lib/ebpf-ml-mao-collector/reports/gpu-1/report.md
/var/lib/ebpf-ml-mao-collector/reports/gpu-1/report.json
/var/lib/ebpf-ml-mao-collector/reports/gpu-1/report.md
/var/lib/ebpf-ml-mao-collector/reports/gpu-1/report.json
/var/lib/ebpf-ml-mao-collector/reports/gpu-1/report.md
/var/lib/ebpf-ml-mao-collector/reports/gpu-1/report.json
/var/lib/ebpf-ml-mao-collector/reports/gpu-1/report.md
/var/lib/ebpf-ml-mao-collector/reports/gpu-1/report.json
/var/lib/ebpf-ml-mao-collector/reports/gpu-1/report.md
/var/lib/ebpf-ml-mao-collector/reports/gpu-1/report.json
/var/lib/ebpf-ml-mao-collector/reports/gpu-1/report.md
/var/lib/ebpf-ml-mao-collector/reports/gpu-1/report.json
/var/lib/ebpf-ml-mao-collector/reports/gpu-1/report.md
/var/lib/ebpf-ml-mao-collector/reports/gpu-1/report.json
/var/lib/ebpf-ml-mao-collector/reports/gpu-1/report.md
/var/lib/ebpf-ml-mao-collector/reports/gpu-1/report.json
/var/lib/ebpf-ml-mao-collector/reports/gpu-1/report.md
/var/lib/ebpf-ml-mao-collector/reports/gpu-1/report.json
/var/lib/ebpf-ml-mao-collector/reports/gpu-1/report.md
/var/lib/ebpf-ml-mao-collector/reports/gpu-1/report.json
/var/lib/ebpf-ml-mao-collector/reports/gpu-1/report.md
/var/lib/ebpf-ml-mao-collector/reports/gpu-1/report.json
/var/lib/ebpf-ml-mao-collector/reports/gpu-1/report.md
/var/lib/ebpf-ml-mao-collector/reports/gpu-1/report.json
/var/lib/ebpf-ml-mao-collector/reports/gpu-1/report.md
/var/lib/ebpf-ml-mao-collector/reports/gpu-1/report.json
/var/lib/ebpf-ml-mao-collector/reports/gpu-1/report.md
/var/lib/ebpf-ml-mao-collector/reports/gpu-1/report.json
/var/lib/ebpf-ml-mao-collector/reports/gpu-1/report.md
/var/lib/ebpf-ml-mao-collector/reports/gpu-1/report.json
/var/lib/ebpf-ml-mao-collector/reports/gpu-1/report.md
/var/lib/ebpf-ml-mao-collector/reports/gpu-1/report.json
/var/lib/ebpf-ml-mao-collector/reports/gpu-1/report.md
/var/lib/ebpf-ml-mao-collector/reports/gpu-1/report.json
/var/lib/ebpf-ml-mao-collector/reports/gpu-1/report.md
/var/lib/ebpf-ml-mao-collector/reports/gpu-1/report.json
/var/lib/ebpf-ml-mao-collector/reports/gpu-1/report.md
/var/lib/ebpf-ml-mao-collector/reports/gpu-1/report.json
/var/lib/ebpf-ml-mao-collector/reports/gpu-1/report.md
/var/lib/ebpf-ml-mao-collector/reports/gpu-1/report.json
/var/lib/ebpf-ml-mao-collector/reports/gpu-1/report.md
/var/lib/ebpf-ml-mao-collector/reports/gpu-1/report.json
/var/lib/ebpf-ml-mao-collector/reports/gpu-1/report.md
/var/lib/ebpf-ml-mao-collector/reports/gpu-1/report.json
/var/lib/ebpf-ml-mao-collector/reports/gpu-1/report.md
/var/lib/ebpf-ml-mao-collector/reports/gpu-1/report.json
/var/lib/ebpf-ml-mao-collector/reports/gpu-1/report.md
/var/lib/ebpf-ml-mao-collector/reports/gpu-1/report.json
/var/lib/ebpf-ml-mao-collector/reports/gpu-1/report.md
/var/lib/ebpf-ml-mao-collector/reports/gpu-1/report.json
/var/lib/ebpf-ml-mao-collector/reports/gpu-1/report.md
/var/lib/ebpf-ml-mao-collector/reports/gpu-1/report.json
/var/lib/ebpf-ml-mao-collector/reports/gpu-1/report.md
/var/lib/ebpf-ml-mao-collector/reports/gpu-1/report.json
/var/lib/ebpf-ml-mao-collector/reports/gpu-1/report.md
/var/lib/ebpf-ml-mao-collector/reports/gpu-1/report.json
/var/lib/ebpf-ml-mao-collector/reports/gpu-1/report.md
/var/lib/ebpf-ml-mao-collector/reports/gpu-1/report.json
/var/lib/ebpf-ml-mao-collector/reports/gpu-1/report.md
/var/lib/ebpf-ml-mao-collector/reports/gpu-1/report.json
/var/lib/ebpf-ml-mao-collector/reports/gpu-1/report.md
/var/lib/ebpf-ml-mao-collector/reports/gpu-1/report.json
/var/lib/ebpf-ml-mao-collector/reports/gpu-1/report.md
/var/lib/ebpf-ml-mao-collector/reports/gpu-1/report.json
/var/lib/ebpf-ml-mao-collector/reports/gpu-1/report.md
/var/lib/ebpf-ml-mao-collector/reports/gpu-1/report.json
/var/lib/ebpf-ml-mao-collector/reports/gpu-1/report.md
/var/lib/ebpf-ml-mao-collector/reports/gpu-1/report.json
/var/lib/ebpf-ml-mao-collector/reports/gpu-1/report.md
/var/lib/ebpf-ml-mao-collector/reports/gpu-1/report.json
/var/lib/ebpf-ml-mao-collector/reports/gpu-1/report.md
/var/lib/ebpf-ml-mao-collector/reports/gpu-1/report.json
/var/lib/ebpf-ml-mao-collector/reports/gpu-1/report.md
/var/lib/ebpf-ml-mao-collector/reports/gpu-1/report.json
/var/lib/ebpf-ml-mao-collector/reports/gpu-1/report.md
/var/lib/ebpf-ml-mao-collector/reports/gpu-1/report.json
/var/lib/ebpf-ml-mao-collector/reports/gpu-1/report.md
/var/lib/ebpf-ml-mao-collector/reports/gpu-1/report.json
/var/lib/ebpf-ml-mao-collector/reports/gpu-1/report.md
/var/lib/ebpf-ml-mao-collector/reports/gpu-1/report.json
/var/lib/ebpf-ml-mao-collector/reports/gpu-1/report.md
/var/lib/ebpf-ml-mao-collector/reports/gpu-1/report.json
/var/lib/ebpf-ml-mao-collector/reports/gpu-1/report.md
/var/lib/ebpf-ml-mao-collector/reports/gpu-1/report.json
/var/lib/ebpf-ml-mao-collector/reports/gpu-1/report.md
/var/lib/ebpf-ml-mao-collector/reports/gpu-1/report.json
/var/lib/ebpf-ml-mao-collector/reports/gpu-1/report.md
/var/lib/ebpf-ml-mao-collector/reports/gpu-1/report.json
/var/lib/ebpf-ml-mao-collector/reports/gpu-1/report.md
/var/lib/ebpf-ml-mao-collector/reports/gpu-1/report.json
/var/lib/ebpf-ml-mao-collector/reports/gpu-1/report.md
/var/lib/ebpf-ml-mao-collector/reports/gpu-1/report.json
/var/lib/ebpf-ml-mao-collector/reports/gpu-1/report.md
/var/lib/ebpf-ml-mao-collector/reports/gpu-1/report.json
/var/lib/ebpf-ml-mao-collector/reports/gpu-1/report.md
/var/lib/ebpf-ml-mao-collector/reports/gpu-1/report.json
/var/lib/ebpf-ml-mao-collector/reports/gpu-1/report.md
/var/lib/ebpf-ml-mao-collector/reports/gpu-1/report.json
/var/lib/ebpf-ml-mao-collector/reports/gpu-1/report.md
/var/lib/ebpf-ml-mao-collector/reports/gpu-1/report.json
/var/lib/ebpf-ml-mao-collector/reports/gpu-1/report.md
/var/lib/ebpf-ml-mao-collector/reports/gpu-1/report.json
/var/lib/ebpf-ml-mao-collector/reports/gpu-1/report.md
/var/lib/ebpf-ml-mao-collector/reports/gpu-1/report.json
/var/lib/ebpf-ml-mao-collector/reports/gpu-1/report.md
/var/lib/ebpf-ml-mao-collector/reports/gpu-1/report.json
/var/lib/ebpf-ml-mao-collector/reports/gpu-1/report.md
/var/lib/ebpf-ml-mao-collector/reports/gpu-1/report.json
/var/lib/ebpf-ml-mao-collector/reports/gpu-1/report.md
/var/lib/ebpf-ml-mao-collector/reports/gpu-1/report.json
/var/lib/ebpf-ml-mao-collector/reports/gpu-1/report.md
/var/lib/ebpf-ml-mao-collector/reports/gpu-1/report.json
/var/lib/ebpf-ml-mao-collector/reports/gpu-1/report.md
/var/lib/ebpf-ml-mao-collector/reports/gpu-1/report.json
/var/lib/ebpf-ml-mao-collector/reports/gpu-1/report.md
/var/lib/ebpf-ml-mao-collector/reports/gpu-1/report.json
/var/lib/ebpf-ml-mao-collector/reports/gpu-1/report.md
/var/lib/ebpf-ml-mao-collector/reports/gpu-1/report.json
/var/lib/ebpf-ml-mao-collector/reports/gpu-1/report.md
/var/lib/ebpf-ml-mao-collector/reports/gpu-1/report.json
/var/lib/ebpf-ml-mao-collector/reports/gpu-1/report.md
/var/lib/ebpf-ml-mao-collector/reports/gpu-1/report.json
/var/lib/ebpf-ml-mao-collector/reports/gpu-1/report.md
/var/lib/ebpf-ml-mao-collector/reports/gpu-1/report.json
/var/lib/ebpf-ml-mao-collector/reports/gpu-1/report.md
/var/lib/ebpf-ml-mao-collector/reports/gpu-1/report.json
/var/lib/ebpf-ml-mao-collector/reports/gpu-1/report.md
/var/lib/ebpf-ml-mao-collector/reports/gpu-1/report.json
/var/lib/ebpf-ml-mao-collector/reports/gpu-1/report.md
/var/lib/ebpf-ml-mao-collector/reports/gpu-1/report.json
/var/lib/ebpf-ml-mao-collector/reports/gpu-1/report.md
/var/lib/ebpf-ml-mao-collector/reports/gpu-1/report.json
/var/lib/ebpf-ml-mao-collector/reports/gpu-1/report.md
/var/lib/ebpf-ml-mao-collector/reports/gpu-1/report.json
/var/lib/ebpf-ml-mao-collector/reports/gpu-1/report.md
/var/lib/ebpf-ml-mao-collector/reports/gpu-1/report.json
/var/lib/ebpf-ml-mao-collector/reports/gpu-1/report.md
/var/lib/ebpf-ml-mao-collector/reports/gpu-1/report.json
/var/lib/ebpf-ml-mao-collector/reports/gpu-1/report.md
/var/lib/ebpf-ml-mao-collector/reports/gpu-1/report.json
/var/lib/ebpf-ml-mao-collector/reports/gpu-1/report.md
/var/lib/ebpf-ml-mao-collector/reports/gpu-1/report.json
/var/lib/ebpf-ml-mao-collector/reports/gpu-1/report.md
/var/lib/ebpf-ml-mao-collector/reports/gpu-1/report.json
/var/lib/ebpf-ml-mao-collector/reports/gpu-1/report.md
/var/lib/ebpf-ml-mao-collector/reports/gpu-1/report.json
/var/lib/ebpf-ml-mao-collector/reports/gpu-1/report.md
/var/lib/ebpf-ml-mao-collector/reports/gpu-1/report.json
/var/lib/ebpf-ml-mao-collector/reports/gpu-1/report.md
/var/lib/ebpf-ml-mao-collector/reports/gpu-1/report.json
/var/lib/ebpf-ml-mao-collector/reports/gpu-1/report.md
/var/lib/ebpf-ml-mao-collector/reports/gpu-1/report.json
/var/lib/ebpf-ml-mao-collector/reports/gpu-1/report.md
/var/lib/ebpf-ml-mao-collector/reports/gpu-1/report.json
/var/lib/ebpf-ml-mao-collector/reports/gpu-1/report.md
/var/lib/ebpf-ml-mao-collector/reports/gpu-1/report.json
/var/lib/ebpf-ml-mao-collector/reports/gpu-1/report.md
/var/lib/ebpf-ml-mao-collector/reports/gpu-1/report.json
/var/lib/ebpf-ml-mao-collector/reports/gpu-1/report.md
/var/lib/ebpf-ml-mao-collector/reports/gpu-1/report.json
/var/lib/ebpf-ml-mao-collector/reports/gpu-1/report.md
/var/lib/ebpf-ml-mao-collector/reports/gpu-1/report.json
/var/lib/ebpf-ml-mao-collector/reports/gpu-1/report.md
/var/lib/ebpf-ml-mao-collector/reports/gpu-1/report.json
/var/lib/ebpf-ml-mao-collector/reports/gpu-1/report.md
/var/lib/ebpf-ml-mao-collector/reports/gpu-1/report.json
/var/lib/ebpf-ml-mao-collector/reports/gpu-1/report.md
/var/lib/ebpf-ml-mao-collector/reports/gpu-1/report.json
/var/lib/ebpf-ml-mao-collector/reports/gpu-1/report.md
/var/lib/ebpf-ml-mao-collector/reports/gpu-1/report.json
/var/lib/ebpf-ml-mao-collector/reports/gpu-1/report.md
/var/lib/ebpf-ml-mao-collector/reports/gpu-1/report.json
/var/lib/ebpf-ml-mao-collector/reports/gpu-1/report.md
/var/lib/ebpf-ml-mao-collector/reports/gpu-1/report.json
/var/lib/ebpf-ml-mao-collector/reports/gpu-1/report.md
/var/lib/ebpf-ml-mao-collector/reports/gpu-1/report.json
/var/lib/ebpf-ml-mao-collector/reports/gpu-1/report.md
/var/lib/ebpf-ml-mao-collector/reports/gpu-1/report.json
/var/lib/ebpf-ml-mao-collector/reports/gpu-1/report.md
/var/lib/ebpf-ml-mao-collector/reports/gpu-1/report.json
/var/lib/ebpf-ml-mao-collector/reports/gpu-1/report.md
/var/lib/ebpf-ml-mao-collector/reports/gpu-1/report.json
/var/lib/ebpf-ml-mao-collector/reports/gpu-1/report.md
/var/lib/ebpf-ml-mao-collector/reports/gpu-1/report.json
/var/lib/ebpf-ml-mao-collector/reports/gpu-1/report.md
/var/lib/ebpf-ml-mao-collector/reports/gpu-1/report.json
/var/lib/ebpf-ml-mao-collector/reports/gpu-1/report.md
/var/lib/ebpf-ml-mao-collector/reports/gpu-1/report.json
/var/lib/ebpf-ml-mao-collector/reports/gpu-1/report.md
