  "failed": 0,
  "expired": 0,
  "quarantined": [],
  "remaining": []
}
{
  "score": 0.4083,
  "verdict": "normal",
  "confidence": 0.639,
  "feature_window": {
    "window_start": 1777337868.5108726,
    "window_end": 1777337868.5108726,
    "workload": "unknown-pod",
    "values": {
      "event_count": 1.0,
      "exec_count": 0.0,
      "network_event_count": 0.0,
      "unique_pids": 1.0,
      "avg_cpu_usage": 0.0,
      "max_cpu_usage": 0.0,
      "avg_memory_usage": 0.0,
      "max_memory_usage": 0.0,
      "avg_network_connections": 0.0,
      "max_network_connections": 0
    }
  },
  "agents": [
    {
      "name": "summarizer",
      "summary": "unknown-pod produced 1 events in 0s with 0 exec events and 0 network events."
    },
    {
      "name": "analyst",
      "summary": "Score 0.41 driven by no strong outliers."
    },
    {
      "name": "correlator",
      "summary": "Resource and event correlation suggests CPU 0.0% with 0 concurrent connections."
    },
    {
      "name": "reviewer",
      "summary": "Final verdict is normal with score 0.41 and confidence 0.64."
    }
  ]
}
{
  "status": "spooled",
  "path": "/var/lib/ebpf-ml-mao-collector/spool/1777337869929-gpu-1.json",
  "spooled": true
}
{
  "removed": 0,
  "quarantined": []
}
Traceback (most recent call last):
  File "<frozen runpy>", line 198, in _run_module_as_main
  File "<frozen runpy>", line 88, in _run_code
  File "/app/app/ebpf_ml_mao/__main__.py", line 5, in <module>
    raise SystemExit(main())
                     ^^^^^^
  File "/app/app/ebpf_ml_mao/cli.py", line 242, in main
    print(json.dumps(drain_spool(args.api_url, spool_dir=args.spool_dir, shared_token=args.shared_token, timeout=args.timeout, retries=args.retries, ttl_seconds=args.ttl_seconds, quarantine_dir=args.quarantine_dir, max_items=args.max_items), indent=2)); return 0
                     ^^^^^^^^^^^^^^^^^^^^^^^^^^^^^^^^^^^^^^^^^^^^^^^^^^^^^^^^^^^^^^^^^^^^^^^^^^^^^^^^^^^^^^^^^^^^^^^^^^^^^^^^^^^^^^^^^^^^^^^^^^^^^^^^^^^^^^^^^^^^^^^^^^^^^^^^^^^^^^^^^^^^^^^^^^^^^^^^^^^^^^^^^^^^^^^^^^^^^^^^^^^^^^^^^^^^^^^^^^^
  File "/app/app/ebpf_ml_mao/transport.py", line 248, in drain_spool
    _post_payload(api_url, payload, timeout=timeout, shared_token=shared_token, retries=retries)
  File "/app/app/ebpf_ml_mao/transport.py", line 35, in _post_payload
    with request.urlopen(req, timeout=timeout) as response:
         ^^^^^^^^^^^^^^^^^^^^^^^^^^^^^^^^^^^^^
  File "/usr/local/lib/python3.12/urllib/request.py", line 215, in urlopen
    return opener.open(url, data, timeout)
           ^^^^^^^^^^^^^^^^^^^^^^^^^^^^^^^
  File "/usr/local/lib/python3.12/urllib/request.py", line 515, in open
    response = self._open(req, data)
               ^^^^^^^^^^^^^^^^^^^^^
  File "/usr/local/lib/python3.12/urllib/request.py", line 532, in _open
    result = self._call_chain(self.handle_open, protocol, protocol +
             ^^^^^^^^^^^^^^^^^^^^^^^^^^^^^^^^^^^^^^^^^^^^^^^^^^^^^^^
  File "/usr/local/lib/python3.12/urllib/request.py", line 492, in _call_chain
    result = func(*args)
             ^^^^^^^^^^^
  File "/usr/local/lib/python3.12/urllib/request.py", line 1373, in http_open
    return self.do_open(http.client.HTTPConnection, req)
           ^^^^^^^^^^^^^^^^^^^^^^^^^^^^^^^^^^^^^^^^^^^^^
  File "/usr/local/lib/python3.12/urllib/request.py", line 1348, in do_open
    r = h.getresponse()
        ^^^^^^^^^^^^^^^
  File "/usr/local/lib/python3.12/http/client.py", line 1450, in getresponse
    response.begin()
  File "/usr/local/lib/python3.12/http/client.py", line 336, in begin
    version, status, reason = self._read_status()
                              ^^^^^^^^^^^^^^^^^^^
  File "/usr/local/lib/python3.12/http/client.py", line 305, in _read_status
    raise RemoteDisconnected("Remote end closed connection without"
http.client.RemoteDisconnected: Remote end closed connection without response
{
  "score": 0.4083,
  "verdict": "normal",
  "confidence": 0.639,
  "feature_window": {
    "window_start": 1777337902.0470502,
    "window_end": 1777337902.0470502,
    "workload": "unknown-pod",
    "values": {
      "event_count": 1.0,
      "exec_count": 0.0,
      "network_event_count": 0.0,
      "unique_pids": 1.0,
      "avg_cpu_usage": 0.0,
      "max_cpu_usage": 0.0,
      "avg_memory_usage": 0.0,
      "max_memory_usage": 0.0,
      "avg_network_connections": 0.0,
      "max_network_connections": 0
    }
  },
  "agents": [
    {
      "name": "summarizer",
      "summary": "unknown-pod produced 1 events in 0s with 0 exec events and 0 network events."
    },
    {
      "name": "analyst",
      "summary": "Score 0.41 driven by no strong outliers."
    },
    {
      "name": "correlator",
      "summary": "Resource and event correlation suggests CPU 0.0% with 0 concurrent connections."
    },
    {
      "name": "reviewer",
      "summary": "Final verdict is normal with score 0.41 and confidence 0.64."
    }
  ]
}
Traceback (most recent call last):
  File "<frozen runpy>", line 198, in _run_module_as_main
  File "<frozen runpy>", line 88, in _run_code
  File "/app/app/ebpf_ml_mao/__main__.py", line 5, in <module>
    raise SystemExit(main())
                     ^^^^^^
  File "/app/app/ebpf_ml_mao/cli.py", line 240, in main
    print(json.dumps(ship_report(args.api_url, node_name=args.node_name, report_path=args.report_path, spool_dir=args.spool_dir, shared_token=args.shared_token, timeout=args.timeout, retries=args.retries, spool_ttl_seconds=args.spool_ttl_seconds), indent=2)); return 0
                     ^^^^^^^^^^^^^^^^^^^^^^^^^^^^^^^^^^^^^^^^^^^^^^^^^^^^^^^^^^^^^^^^^^^^^^^^^^^^^^^^^^^^^^^^^^^^^^^^^^^^^^^^^^^^^^^^^^^^^^^^^^^^^^^^^^^^^^^^^^^^^^^^^^^^^^^^^^^^^^^^^^^^^^^^^^^^^^^^^^^^^^^^^^^^^^^^^^^^^^^^^^^^^^^^^^^^^^^^^^^^^^^^^
  File "/app/app/ebpf_ml_mao/transport.py", line 212, in ship_report
    response = _post_payload(api_url, payload, timeout=timeout, shared_token=shared_token, retries=retries)
               ^^^^^^^^^^^^^^^^^^^^^^^^^^^^^^^^^^^^^^^^^^^^^^^^^^^^^^^^^^^^^^^^^^^^^^^^^^^^^^^^^^^^^^^^^^^^
  File "/app/app/ebpf_ml_mao/transport.py", line 35, in _post_payload
    with request.urlopen(req, timeout=timeout) as response:
         ^^^^^^^^^^^^^^^^^^^^^^^^^^^^^^^^^^^^^
  File "/usr/local/lib/python3.12/urllib/request.py", line 215, in urlopen
    return opener.open(url, data, timeout)
           ^^^^^^^^^^^^^^^^^^^^^^^^^^^^^^^
  File "/usr/local/lib/python3.12/urllib/request.py", line 515, in open
    response = self._open(req, data)
               ^^^^^^^^^^^^^^^^^^^^^
  File "/usr/local/lib/python3.12/urllib/request.py", line 532, in _open
    result = self._call_chain(self.handle_open, protocol, protocol +
             ^^^^^^^^^^^^^^^^^^^^^^^^^^^^^^^^^^^^^^^^^^^^^^^^^^^^^^^
  File "/usr/local/lib/python3.12/urllib/request.py", line 492, in _call_chain
    result = func(*args)
             ^^^^^^^^^^^
  File "/usr/local/lib/python3.12/urllib/request.py", line 1373, in http_open
    return self.do_open(http.client.HTTPConnection, req)
           ^^^^^^^^^^^^^^^^^^^^^^^^^^^^^^^^^^^^^^^^^^^^^
  File "/usr/local/lib/python3.12/urllib/request.py", line 1348, in do_open
    r = h.getresponse()
        ^^^^^^^^^^^^^^^
  File "/usr/local/lib/python3.12/http/client.py", line 1450, in getresponse
    response.begin()
  File "/usr/local/lib/python3.12/http/client.py", line 336, in begin
    version, status, reason = self._read_status()
                              ^^^^^^^^^^^^^^^^^^^
  File "/usr/local/lib/python3.12/http/client.py", line 305, in _read_status
    raise RemoteDisconnected("Remote end closed connection without"
http.client.RemoteDisconnected: Remote end closed connection without response
{
  "removed": 0,
  "quarantined": []
}
Traceback (most recent call last):
  File "<frozen runpy>", line 198, in _run_module_as_main
  File "<frozen runpy>", line 88, in _run_code
  File "/app/app/ebpf_ml_mao/__main__.py", line 5, in <module>
    raise SystemExit(main())
                     ^^^^^^
  File "/app/app/ebpf_ml_mao/cli.py", line 242, in main
    print(json.dumps(drain_spool(args.api_url, spool_dir=args.spool_dir, shared_token=args.shared_token, timeout=args.timeout, retries=args.retries, ttl_seconds=args.ttl_seconds, quarantine_dir=args.quarantine_dir, max_items=args.max_items), indent=2)); return 0
                     ^^^^^^^^^^^^^^^^^^^^^^^^^^^^^^^^^^^^^^^^^^^^^^^^^^^^^^^^^^^^^^^^^^^^^^^^^^^^^^^^^^^^^^^^^^^^^^^^^^^^^^^^^^^^^^^^^^^^^^^^^^^^^^^^^^^^^^^^^^^^^^^^^^^^^^^^^^^^^^^^^^^^^^^^^^^^^^^^^^^^^^^^^^^^^^^^^^^^^^^^^^^^^^^^^^^^^^^^^^^
  File "/app/app/ebpf_ml_mao/transport.py", line 248, in drain_spool
    _post_payload(api_url, payload, timeout=timeout, shared_token=shared_token, retries=retries)
  File "/app/app/ebpf_ml_mao/transport.py", line 35, in _post_payload
    with request.urlopen(req, timeout=timeout) as response:
         ^^^^^^^^^^^^^^^^^^^^^^^^^^^^^^^^^^^^^
  File "/usr/local/lib/python3.12/urllib/request.py", line 215, in urlopen
    return opener.open(url, data, timeout)
           ^^^^^^^^^^^^^^^^^^^^^^^^^^^^^^^
  File "/usr/local/lib/python3.12/urllib/request.py", line 515, in open
    response = self._open(req, data)
               ^^^^^^^^^^^^^^^^^^^^^
  File "/usr/local/lib/python3.12/urllib/request.py", line 532, in _open
    result = self._call_chain(self.handle_open, protocol, protocol +
             ^^^^^^^^^^^^^^^^^^^^^^^^^^^^^^^^^^^^^^^^^^^^^^^^^^^^^^^
  File "/usr/local/lib/python3.12/urllib/request.py", line 492, in _call_chain
    result = func(*args)
             ^^^^^^^^^^^
  File "/usr/local/lib/python3.12/urllib/request.py", line 1373, in http_open
    return self.do_open(http.client.HTTPConnection, req)
           ^^^^^^^^^^^^^^^^^^^^^^^^^^^^^^^^^^^^^^^^^^^^^
  File "/usr/local/lib/python3.12/urllib/request.py", line 1348, in do_open
    r = h.getresponse()
        ^^^^^^^^^^^^^^^
  File "/usr/local/lib/python3.12/http/client.py", line 1450, in getresponse
    response.begin()
  File "/usr/local/lib/python3.12/http/client.py", line 336, in begin
    version, status, reason = self._read_status()
                              ^^^^^^^^^^^^^^^^^^^
  File "/usr/local/lib/python3.12/http/client.py", line 305, in _read_status
    raise RemoteDisconnected("Remote end closed connection without"
http.client.RemoteDisconnected: Remote end closed connection without response
{
  "score": 0.4083,
  "verdict": "normal",
  "confidence": 0.639,
  "feature_window": {
    "window_start": 1777337934.9856923,
    "window_end": 1777337934.9856923,
    "workload": "unknown-pod",
    "values": {
      "event_count": 1.0,
      "exec_count": 0.0,
      "network_event_count": 0.0,
      "unique_pids": 1.0,
      "avg_cpu_usage": 0.0,
      "max_cpu_usage": 0.0,
      "avg_memory_usage": 0.0,
      "max_memory_usage": 0.0,
      "avg_network_connections": 0.0,
      "max_network_connections": 0
    }
  },
  "agents": [
    {
      "name": "summarizer",
      "summary": "unknown-pod produced 1 events in 0s with 0 exec events and 0 network events."
    },
    {
      "name": "analyst",
      "summary": "Score 0.41 driven by no strong outliers."
    },
    {
      "name": "correlator",
      "summary": "Resource and event correlation suggests CPU 0.0% with 0 concurrent connections."
    },
    {
      "name": "reviewer",
      "summary": "Final verdict is normal with score 0.41 and confidence 0.64."
    }
  ]
}
Traceback (most recent call last):
  File "<frozen runpy>", line 198, in _run_module_as_main
  File "<frozen runpy>", line 88, in _run_code
  File "/app/app/ebpf_ml_mao/__main__.py", line 5, in <module>
    raise SystemExit(main())
                     ^^^^^^
  File "/app/app/ebpf_ml_mao/cli.py", line 240, in main
    print(json.dumps(ship_report(args.api_url, node_name=args.node_name, report_path=args.report_path, spool_dir=args.spool_dir, shared_token=args.shared_token, timeout=args.timeout, retries=args.retries, spool_ttl_seconds=args.spool_ttl_seconds), indent=2)); return 0
                     ^^^^^^^^^^^^^^^^^^^^^^^^^^^^^^^^^^^^^^^^^^^^^^^^^^^^^^^^^^^^^^^^^^^^^^^^^^^^^^^^^^^^^^^^^^^^^^^^^^^^^^^^^^^^^^^^^^^^^^^^^^^^^^^^^^^^^^^^^^^^^^^^^^^^^^^^^^^^^^^^^^^^^^^^^^^^^^^^^^^^^^^^^^^^^^^^^^^^^^^^^^^^^^^^^^^^^^^^^^^^^^^^^
  File "/app/app/ebpf_ml_mao/transport.py", line 212, in ship_report
    response = _post_payload(api_url, payload, timeout=timeout, shared_token=shared_token, retries=retries)
               ^^^^^^^^^^^^^^^^^^^^^^^^^^^^^^^^^^^^^^^^^^^^^^^^^^^^^^^^^^^^^^^^^^^^^^^^^^^^^^^^^^^^^^^^^^^^
  File "/app/app/ebpf_ml_mao/transport.py", line 35, in _post_payload
    with request.urlopen(req, timeout=timeout) as response:
         ^^^^^^^^^^^^^^^^^^^^^^^^^^^^^^^^^^^^^
  File "/usr/local/lib/python3.12/urllib/request.py", line 215, in urlopen
    return opener.open(url, data, timeout)
           ^^^^^^^^^^^^^^^^^^^^^^^^^^^^^^^
  File "/usr/local/lib/python3.12/urllib/request.py", line 515, in open
    response = self._open(req, data)
               ^^^^^^^^^^^^^^^^^^^^^
  File "/usr/local/lib/python3.12/urllib/request.py", line 532, in _open
    result = self._call_chain(self.handle_open, protocol, protocol +
             ^^^^^^^^^^^^^^^^^^^^^^^^^^^^^^^^^^^^^^^^^^^^^^^^^^^^^^^
  File "/usr/local/lib/python3.12/urllib/request.py", line 492, in _call_chain
    result = func(*args)
             ^^^^^^^^^^^
  File "/usr/local/lib/python3.12/urllib/request.py", line 1373, in http_open
    return self.do_open(http.client.HTTPConnection, req)
           ^^^^^^^^^^^^^^^^^^^^^^^^^^^^^^^^^^^^^^^^^^^^^
  File "/usr/local/lib/python3.12/urllib/request.py", line 1348, in do_open
    r = h.getresponse()
        ^^^^^^^^^^^^^^^
  File "/usr/local/lib/python3.12/http/client.py", line 1450, in getresponse
    response.begin()
  File "/usr/local/lib/python3.12/http/client.py", line 336, in begin
    version, status, reason = self._read_status()
                              ^^^^^^^^^^^^^^^^^^^
  File "/usr/local/lib/python3.12/http/client.py", line 305, in _read_status
    raise RemoteDisconnected("Remote end closed connection without"
http.client.RemoteDisconnected: Remote end closed connection without response
/var/lib/ebpf-ml-mao-collector/reports/gpu-1/report.json
/var/lib/ebpf-ml-mao-collector/reports/gpu-1/report.md
/var/lib/ebpf-ml-mao-collector/reports/gpu-1/report.json
/var/lib/ebpf-ml-mao-collector/reports/gpu-1/report.md
/var/lib/ebpf-ml-mao-collector/reports/gpu-1/report.json
/var/lib/ebpf-ml-mao-collector/reports/gpu-1/report.md
/var/lib/ebpf-ml-mao-collector/reports/gpu-1/report.json
/var/lib/ebpf-ml-mao-collector/reports/gpu-1/report.md
/var/lib/ebpf-ml-mao-collector/reports/gpu-1/report.json
/var/lib/ebpf-ml-mao-collector/reports/gpu-1/report.md
/var/lib/ebpf-ml-mao-collector/reports/gpu-1/report.json
/var/lib/ebpf-ml-mao-collector/reports/gpu-1/report.md
/var/lib/ebpf-ml-mao-collector/reports/gpu-1/report.json
/var/lib/ebpf-ml-mao-collector/reports/gpu-1/report.md
/var/lib/ebpf-ml-mao-collector/reports/gpu-1/report.json
/var/lib/ebpf-ml-mao-collector/reports/gpu-1/report.md
/var/lib/ebpf-ml-mao-collector/reports/gpu-1/report.json
/var/lib/ebpf-ml-mao-collector/reports/gpu-1/report.md
/var/lib/ebpf-ml-mao-collector/reports/gpu-1/report.json
/var/lib/ebpf-ml-mao-collector/reports/gpu-1/report.md
/var/lib/ebpf-ml-mao-collector/reports/gpu-1/report.json
/var/lib/ebpf-ml-mao-collector/reports/gpu-1/report.md
/var/lib/ebpf-ml-mao-collector/reports/gpu-1/report.json
/var/lib/ebpf-ml-mao-collector/reports/gpu-1/report.md
/var/lib/ebpf-ml-mao-collector/reports/gpu-1/report.json
/var/lib/ebpf-ml-mao-collector/reports/gpu-1/report.md
/var/lib/ebpf-ml-mao-collector/reports/gpu-1/report.json
/var/lib/ebpf-ml-mao-collector/reports/gpu-1/report.md
/var/lib/ebpf-ml-mao-collector/reports/gpu-1/report.json
/var/lib/ebpf-ml-mao-collector/reports/gpu-1/report.md
/var/lib/ebpf-ml-mao-collector/reports/gpu-1/report.json
/var/lib/ebpf-ml-mao-collector/reports/gpu-1/report.md
/var/lib/ebpf-ml-mao-collector/reports/gpu-1/report.json
/var/lib/ebpf-ml-mao-collector/reports/gpu-1/report.md
/var/lib/ebpf-ml-mao-collector/reports/gpu-1/report.json
/var/lib/ebpf-ml-mao-collector/reports/gpu-1/report.md
/var/lib/ebpf-ml-mao-collector/reports/gpu-1/report.json
/var/lib/ebpf-ml-mao-collector/reports/gpu-1/report.md
/var/lib/ebpf-ml-mao-collector/reports/gpu-1/report.json
/var/lib/ebpf-ml-mao-collector/reports/gpu-1/report.md
/var/lib/ebpf-ml-mao-collector/reports/gpu-1/report.json
/var/lib/ebpf-ml-mao-collector/reports/gpu-1/report.md
/var/lib/ebpf-ml-mao-collector/reports/gpu-1/report.json
/var/lib/ebpf-ml-mao-collector/reports/gpu-1/report.md
/var/lib/ebpf-ml-mao-collector/reports/gpu-1/report.json
/var/lib/ebpf-ml-mao-collector/reports/gpu-1/report.md
/var/lib/ebpf-ml-mao-collector/reports/gpu-1/report.json
/var/lib/ebpf-ml-mao-collector/reports/gpu-1/report.md
/var/lib/ebpf-ml-mao-collector/reports/gpu-1/report.json
/var/lib/ebpf-ml-mao-collector/reports/gpu-1/report.md
/var/lib/ebpf-ml-mao-collector/reports/gpu-1/report.json
/var/lib/ebpf-ml-mao-collector/reports/gpu-1/report.md
/var/lib/ebpf-ml-mao-collector/reports/gpu-1/report.json
/var/lib/ebpf-ml-mao-collector/reports/gpu-1/report.md
/var/lib/ebpf-ml-mao-collector/reports/gpu-1/report.json
/var/lib/ebpf-ml-mao-collector/reports/gpu-1/report.md
/var/lib/ebpf-ml-mao-collector/reports/gpu-1/report.json
/var/lib/ebpf-ml-mao-collector/reports/gpu-1/report.md
/var/lib/ebpf-ml-mao-collector/reports/gpu-1/report.json
/var/lib/ebpf-ml-mao-collector/reports/gpu-1/report.md
/var/lib/ebpf-ml-mao-collector/reports/gpu-1/report.json
/var/lib/ebpf-ml-mao-collector/reports/gpu-1/report.md
/var/lib/ebpf-ml-mao-collector/reports/gpu-1/report.json
/var/lib/ebpf-ml-mao-collector/reports/gpu-1/report.md
/var/lib/ebpf-ml-mao-collector/reports/gpu-1/report.json
/var/lib/ebpf-ml-mao-collector/reports/gpu-1/report.md
/var/lib/ebpf-ml-mao-collector/reports/gpu-1/report.json
/var/lib/ebpf-ml-mao-collector/reports/gpu-1/report.md
/var/lib/ebpf-ml-mao-collector/reports/gpu-1/report.json
/var/lib/ebpf-ml-mao-collector/reports/gpu-1/report.md
/var/lib/ebpf-ml-mao-collector/reports/gpu-1/report.json
/var/lib/ebpf-ml-mao-collector/reports/gpu-1/report.md
/var/lib/ebpf-ml-mao-collector/reports/gpu-1/report.json
/var/lib/ebpf-ml-mao-collector/reports/gpu-1/report.md
/var/lib/ebpf-ml-mao-collector/reports/gpu-1/report.json
/var/lib/ebpf-ml-mao-collector/reports/gpu-1/report.md
/var/lib/ebpf-ml-mao-collector/reports/gpu-1/report.json
/var/lib/ebpf-ml-mao-collector/reports/gpu-1/report.md
/var/lib/ebpf-ml-mao-collector/reports/gpu-1/report.json
/var/lib/ebpf-ml-mao-collector/reports/gpu-1/report.md
/var/lib/ebpf-ml-mao-collector/reports/gpu-1/report.json
/var/lib/ebpf-ml-mao-collector/reports/gpu-1/report.md
/var/lib/ebpf-ml-mao-collector/reports/gpu-1/report.json
/var/lib/ebpf-ml-mao-collector/reports/gpu-1/report.md
/var/lib/ebpf-ml-mao-collector/reports/gpu-1/report.json
/var/lib/ebpf-ml-mao-collector/reports/gpu-1/report.md
/var/lib/ebpf-ml-mao-collector/reports/gpu-1/report.json
/var/lib/ebpf-ml-mao-collector/reports/gpu-1/report.md
/var/lib/ebpf-ml-mao-collector/reports/gpu-1/report.json
/var/lib/ebpf-ml-mao-collector/reports/gpu-1/report.md
/var/lib/ebpf-ml-mao-collector/reports/gpu-1/report.json
/var/lib/ebpf-ml-mao-collector/reports/gpu-1/report.md
/var/lib/ebpf-ml-mao-collector/reports/gpu-1/report.json
/var/lib/ebpf-ml-mao-collector/reports/gpu-1/report.md
/var/lib/ebpf-ml-mao-collector/reports/gpu-1/report.json
/var/lib/ebpf-ml-mao-collector/reports/gpu-1/report.md
/var/lib/ebpf-ml-mao-collector/reports/gpu-1/report.json
/var/lib/ebpf-ml-mao-collector/reports/gpu-1/report.md
/var/lib/ebpf-ml-mao-collector/reports/gpu-1/report.json
/var/lib/ebpf-ml-mao-collector/reports/gpu-1/report.md
/var/lib/ebpf-ml-mao-collector/reports/gpu-1/report.json
/var/lib/ebpf-ml-mao-collector/reports/gpu-1/report.md
/var/lib/ebpf-ml-mao-collector/reports/gpu-1/report.json
/var/lib/ebpf-ml-mao-collector/reports/gpu-1/report.md
/var/lib/ebpf-ml-mao-collector/reports/gpu-1/report.json
/var/lib/ebpf-ml-mao-collector/reports/gpu-1/report.md
/var/lib/ebpf-ml-mao-collector/reports/gpu-1/report.json
/var/lib/ebpf-ml-mao-collector/reports/gpu-1/report.md
/var/lib/ebpf-ml-mao-collector/reports/gpu-1/report.json
/var/lib/ebpf-ml-mao-collector/reports/gpu-1/report.md
/var/lib/ebpf-ml-mao-collector/reports/gpu-1/report.json
/var/lib/ebpf-ml-mao-collector/reports/gpu-1/report.md
/var/lib/ebpf-ml-mao-collector/reports/gpu-1/report.json
/var/lib/ebpf-ml-mao-collector/reports/gpu-1/report.md
/var/lib/ebpf-ml-mao-collector/reports/gpu-1/report.json
/var/lib/ebpf-ml-mao-collector/reports/gpu-1/report.md
/var/lib/ebpf-ml-mao-collector/reports/gpu-1/report.json
/var/lib/ebpf-ml-mao-collector/reports/gpu-1/report.md
/var/lib/ebpf-ml-mao-collector/reports/gpu-1/report.json
/var/lib/ebpf-ml-mao-collector/reports/gpu-1/report.md
/var/lib/ebpf-ml-mao-collector/reports/gpu-1/report.json
/var/lib/ebpf-ml-mao-collector/reports/gpu-1/report.md
/var/lib/ebpf-ml-mao-collector/reports/gpu-1/report.json
/var/lib/ebpf-ml-mao-collector/reports/gpu-1/report.md
/var/lib/ebpf-ml-mao-collector/reports/gpu-1/report.json
/var/lib/ebpf-ml-mao-collector/reports/gpu-1/report.md
/var/lib/ebpf-ml-mao-collector/reports/gpu-1/report.json
/var/lib/ebpf-ml-mao-collector/reports/gpu-1/report.md
/var/lib/ebpf-ml-mao-collector/reports/gpu-1/report.json
/var/lib/ebpf-ml-mao-collector/reports/gpu-1/report.md
/var/lib/ebpf-ml-mao-collector/reports/gpu-1/report.json
/var/lib/ebpf-ml-mao-collector/reports/gpu-1/report.md
/var/lib/ebpf-ml-mao-collector/reports/gpu-1/report.json
/var/lib/ebpf-ml-mao-collector/reports/gpu-1/report.md
/var/lib/ebpf-ml-mao-collector/reports/gpu-1/report.json
/var/lib/ebpf-ml-mao-collector/reports/gpu-1/report.md
/var/lib/ebpf-ml-mao-collector/reports/gpu-1/report.json
/var/lib/ebpf-ml-mao-collector/reports/gpu-1/report.md
/var/lib/ebpf-ml-mao-collector/reports/gpu-1/report.json
/var/lib/ebpf-ml-mao-collector/reports/gpu-1/report.md
/var/lib/ebpf-ml-mao-collector/reports/gpu-1/report.json
/var/lib/ebpf-ml-mao-collector/reports/gpu-1/report.md
/var/lib/ebpf-ml-mao-collector/reports/gpu-1/report.json
/var/lib/ebpf-ml-mao-collector/reports/gpu-1/report.md
/var/lib/ebpf-ml-mao-collector/reports/gpu-1/report.json
/var/lib/ebpf-ml-mao-collector/reports/gpu-1/report.md
/var/lib/ebpf-ml-mao-collector/reports/gpu-1/report.json
/var/lib/ebpf-ml-mao-collector/reports/gpu-1/report.md
/var/lib/ebpf-ml-mao-collector/reports/gpu-1/report.json
/var/lib/ebpf-ml-mao-collector/reports/gpu-1/report.md
/var/lib/ebpf-ml-mao-collector/reports/gpu-1/report.json
/var/lib/ebpf-ml-mao-collector/reports/gpu-1/report.md
/var/lib/ebpf-ml-mao-collector/reports/gpu-1/report.json
/var/lib/ebpf-ml-mao-collector/reports/gpu-1/report.md
/var/lib/ebpf-ml-mao-collector/reports/gpu-1/report.json
/var/lib/ebpf-ml-mao-collector/reports/gpu-1/report.md
/var/lib/ebpf-ml-mao-collector/reports/gpu-1/report.json
/var/lib/ebpf-ml-mao-collector/reports/gpu-1/report.md
/var/lib/ebpf-ml-mao-collector/reports/gpu-1/report.json
/var/lib/ebpf-ml-mao-collector/reports/gpu-1/report.md
/var/lib/ebpf-ml-mao-collector/reports/gpu-1/report.json
/var/lib/ebpf-ml-mao-collector/reports/gpu-1/report.md
/var/lib/ebpf-ml-mao-collector/reports/gpu-1/report.json
/var/lib/ebpf-ml-mao-collector/reports/gpu-1/report.md
/var/lib/ebpf-ml-mao-collector/reports/gpu-1/report.json
/var/lib/ebpf-ml-mao-collector/reports/gpu-1/report.md
/var/lib/ebpf-ml-mao-collector/reports/gpu-1/report.json
/var/lib/ebpf-ml-mao-collector/reports/gpu-1/report.md
/var/lib/ebpf-ml-mao-collector/reports/gpu-1/report.json
/var/lib/ebpf-ml-mao-collector/reports/gpu-1/report.md
/var/lib/ebpf-ml-mao-collector/reports/gpu-1/report.json
/var/lib/ebpf-ml-mao-collector/reports/gpu-1/report.md
/var/lib/ebpf-ml-mao-collector/reports/gpu-1/report.json
/var/lib/ebpf-ml-mao-collector/reports/gpu-1/report.md
/var/lib/ebpf-ml-mao-collector/reports/gpu-1/report.json
/var/lib/ebpf-ml-mao-collector/reports/gpu-1/report.md
/var/lib/ebpf-ml-mao-collector/reports/gpu-1/report.json
/var/lib/ebpf-ml-mao-collector/reports/gpu-1/report.md
/var/lib/ebpf-ml-mao-collector/reports/gpu-1/report.json
/var/lib/ebpf-ml-mao-collector/reports/gpu-1/report.md
/var/lib/ebpf-ml-mao-collector/reports/gpu-1/report.json
/var/lib/ebpf-ml-mao-collector/reports/gpu-1/report.md
/var/lib/ebpf-ml-mao-collector/reports/gpu-1/report.json
/var/lib/ebpf-ml-mao-collector/reports/gpu-1/report.md
/var/lib/ebpf-ml-mao-collector/reports/gpu-1/report.json
/var/lib/ebpf-ml-mao-collector/reports/gpu-1/report.md
/var/lib/ebpf-ml-mao-collector/reports/gpu-1/report.json
/var/lib/ebpf-ml-mao-collector/reports/gpu-1/report.md
/var/lib/ebpf-ml-mao-collector/reports/gpu-1/report.json
/var/lib/ebpf-ml-mao-collector/reports/gpu-1/report.md
/var/lib/ebpf-ml-mao-collector/reports/gpu-1/report.json
/var/lib/ebpf-ml-mao-collector/reports/gpu-1/report.md
/var/lib/ebpf-ml-mao-collector/reports/gpu-1/report.json
/var/lib/ebpf-ml-mao-collector/reports/gpu-1/report.md
/var/lib/ebpf-ml-mao-collector/reports/gpu-1/report.json
/var/lib/ebpf-ml-mao-collector/reports/gpu-1/report.md
/var/lib/ebpf-ml-mao-collector/reports/gpu-1/report.json
/var/lib/ebpf-ml-mao-collector/reports/gpu-1/report.md
/var/lib/ebpf-ml-mao-collector/reports/gpu-1/report.json
/var/lib/ebpf-ml-mao-collector/reports/gpu-1/report.md
/var/lib/ebpf-ml-mao-collector/reports/gpu-1/report.json
/var/lib/ebpf-ml-mao-collector/reports/gpu-1/report.md
/var/lib/ebpf-ml-mao-collector/reports/gpu-1/report.json
/var/lib/ebpf-ml-mao-collector/reports/gpu-1/report.md
/var/lib/ebpf-ml-mao-collector/reports/gpu-1/report.json
/var/lib/ebpf-ml-mao-collector/reports/gpu-1/report.md
/var/lib/ebpf-ml-mao-collector/reports/gpu-1/report.json
/var/lib/ebpf-ml-mao-collector/reports/gpu-1/report.md
/var/lib/ebpf-ml-mao-collector/reports/gpu-1/report.json
/var/lib/ebpf-ml-mao-collector/reports/gpu-1/report.md
/var/lib/ebpf-ml-mao-collector/reports/gpu-1/report.json
/var/lib/ebpf-ml-mao-collector/reports/gpu-1/report.md
/var/lib/ebpf-ml-mao-collector/reports/gpu-1/report.json
/var/lib/ebpf-ml-mao-collector/reports/gpu-1/report.md
/var/lib/ebpf-ml-mao-collector/reports/gpu-1/report.json
/var/lib/ebpf-ml-mao-collector/reports/gpu-1/report.md
/var/lib/ebpf-ml-mao-collector/reports/gpu-1/report.json
/var/lib/ebpf-ml-mao-collector/reports/gpu-1/report.md
/var/lib/ebpf-ml-mao-collector/reports/gpu-1/report.json
/var/lib/ebpf-ml-mao-collector/reports/gpu-1/report.md
/var/lib/ebpf-ml-mao-collector/reports/gpu-1/report.json
/var/lib/ebpf-ml-mao-collector/reports/gpu-1/report.md
/var/lib/ebpf-ml-mao-collector/reports/gpu-1/report.json
/var/lib/ebpf-ml-mao-collector/reports/gpu-1/report.md
/var/lib/ebpf-ml-mao-collector/reports/gpu-1/report.json
/var/lib/ebpf-ml-mao-collector/reports/gpu-1/report.md
/var/lib/ebpf-ml-mao-collector/reports/gpu-1/report.json
/var/lib/ebpf-ml-mao-collector/reports/gpu-1/report.md
/var/lib/ebpf-ml-mao-collector/reports/gpu-1/report.json
/var/lib/ebpf-ml-mao-collector/reports/gpu-1/report.md
/var/lib/ebpf-ml-mao-collector/reports/gpu-1/report.json
/var/lib/ebpf-ml-mao-collector/reports/gpu-1/report.md
/var/lib/ebpf-ml-mao-collector/reports/gpu-1/report.json
/var/lib/ebpf-ml-mao-collector/reports/gpu-1/report.md
/var/lib/ebpf-ml-mao-collector/reports/gpu-1/report.json
/var/lib/ebpf-ml-mao-collector/reports/gpu-1/report.md
/var/lib/ebpf-ml-mao-collector/reports/gpu-1/report.json
/var/lib/ebpf-ml-mao-collector/reports/gpu-1/report.md
/var/lib/ebpf-ml-mao-collector/reports/gpu-1/report.json
/var/lib/ebpf-ml-mao-collector/reports/gpu-1/report.md
/var/lib/ebpf-ml-mao-collector/reports/gpu-1/report.json
/var/lib/ebpf-ml-mao-collector/reports/gpu-1/report.md
/var/lib/ebpf-ml-mao-collector/reports/gpu-1/report.json
/var/lib/ebpf-ml-mao-collector/reports/gpu-1/report.md
/var/lib/ebpf-ml-mao-collector/reports/gpu-1/report.json
/var/lib/ebpf-ml-mao-collector/reports/gpu-1/report.md
/var/lib/ebpf-ml-mao-collector/reports/gpu-1/report.json
/var/lib/ebpf-ml-mao-collector/reports/gpu-1/report.md
/var/lib/ebpf-ml-mao-collector/reports/gpu-1/report.json
/var/lib/ebpf-ml-mao-collector/reports/gpu-1/report.md
/var/lib/ebpf-ml-mao-collector/reports/gpu-1/report.json
/var/lib/ebpf-ml-mao-collector/reports/gpu-1/report.md
/var/lib/ebpf-ml-mao-collector/reports/gpu-1/report.json
/var/lib/ebpf-ml-mao-collector/reports/gpu-1/report.md
/var/lib/ebpf-ml-mao-collector/reports/gpu-1/report.json
/var/lib/ebpf-ml-mao-collector/reports/gpu-1/report.md
/var/lib/ebpf-ml-mao-collector/reports/gpu-1/report.json
/var/lib/ebpf-ml-mao-collector/reports/gpu-1/report.md
/var/lib/ebpf-ml-mao-collector/reports/gpu-1/report.json
/var/lib/ebpf-ml-mao-collector/reports/gpu-1/report.md
/var/lib/ebpf-ml-mao-collector/reports/gpu-1/report.json
/var/lib/ebpf-ml-mao-collector/reports/gpu-1/report.md
/var/lib/ebpf-ml-mao-collector/reports/gpu-1/report.json
/var/lib/ebpf-ml-mao-collector/reports/gpu-1/report.md
/var/lib/ebpf-ml-mao-collector/reports/gpu-1/report.json
/var/lib/ebpf-ml-mao-collector/reports/gpu-1/report.md
/var/lib/ebpf-ml-mao-collector/reports/gpu-1/report.json
/var/lib/ebpf-ml-mao-collector/reports/gpu-1/report.md
/var/lib/ebpf-ml-mao-collector/reports/gpu-1/report.json
/var/lib/ebpf-ml-mao-collector/reports/gpu-1/report.md
/var/lib/ebpf-ml-mao-collector/reports/gpu-1/report.json
/var/lib/ebpf-ml-mao-collector/reports/gpu-1/report.md
/var/lib/ebpf-ml-mao-collector/reports/gpu-1/report.json
/var/lib/ebpf-ml-mao-collector/reports/gpu-1/report.md
/var/lib/ebpf-ml-mao-collector/reports/gpu-1/report.json
/var/lib/ebpf-ml-mao-collector/reports/gpu-1/report.md
/var/lib/ebpf-ml-mao-collector/reports/gpu-1/report.json
/var/lib/ebpf-ml-mao-collector/reports/gpu-1/report.md
/var/lib/ebpf-ml-mao-collector/reports/gpu-1/report.json
/var/lib/ebpf-ml-mao-collector/reports/gpu-1/report.md
/var/lib/ebpf-ml-mao-collector/reports/gpu-1/report.json
/var/lib/ebpf-ml-mao-collector/reports/gpu-1/report.md
/var/lib/ebpf-ml-mao-collector/reports/gpu-1/report.json
/var/lib/ebpf-ml-mao-collector/reports/gpu-1/report.md
/var/lib/ebpf-ml-mao-collector/reports/gpu-1/report.json
/var/lib/ebpf-ml-mao-collector/reports/gpu-1/report.md
/var/lib/ebpf-ml-mao-collector/reports/gpu-1/report.json
/var/lib/ebpf-ml-mao-collector/reports/gpu-1/report.md
/var/lib/ebpf-ml-mao-collector/reports/gpu-1/report.json
/var/lib/ebpf-ml-mao-collector/reports/gpu-1/report.md
/var/lib/ebpf-ml-mao-collector/reports/gpu-1/report.json
/var/lib/ebpf-ml-mao-collector/reports/gpu-1/report.md
/var/lib/ebpf-ml-mao-collector/reports/gpu-1/report.json
/var/lib/ebpf-ml-mao-collector/reports/gpu-1/report.md
/var/lib/ebpf-ml-mao-collector/reports/gpu-1/report.json
/var/lib/ebpf-ml-mao-collector/reports/gpu-1/report.md
/var/lib/ebpf-ml-mao-collector/reports/gpu-1/report.json
/var/lib/ebpf-ml-mao-collector/reports/gpu-1/report.md
/var/lib/ebpf-ml-mao-collector/reports/gpu-1/report.json
/var/lib/ebpf-ml-mao-collector/reports/gpu-1/report.md
